<?xml version="1.0" ?>
<!DOCTYPE coverage SYSTEM "http://cobertura.sourceforge.net/xml/coverage-04.dtd">
<coverage lines-valid="115" lines-covered="110" line-rate="0.9565" branches-valid="46" branches-covered="34" branch-rate="0.7391" timestamp="1635954774177" complexity="0" version="0.1">
  <sources>
    <source>F:\soft\progrmmingsoftware\WebStrom\progrom\progrom\code-table\code-testing</source>
  </sources>
  <packages>
    <package name="table" line-rate="1" branch-rate="1">
      <classes>
        <class name="fj-table.tsx" filename="src\table\fj-table.tsx" line-rate="1" branch-rate="1">
          <methods>
            <method name="(anonymous_0)" hits="6" signature="()V">
              <lines>
                <line number="15" hits="6"/>
              </lines>
            </method>
            <method name="(anonymous_1)" hits="9" signature="()V">
              <lines>
                <line number="31" hits="9"/>
              </lines>
            </method>
          </methods>
          <lines>
            <line number="17" hits="6" branch="false"/>
            <line number="18" hits="6" branch="false"/>
            <line number="19" hits="6" branch="false"/>
            <line number="21" hits="6" branch="false"/>
            <line number="31" hits="6" branch="false"/>
            <line number="32" hits="9" branch="false"/>
          </lines>
        </class>
        <class name="index.ts" filename="src\table\index.ts" line-rate="0" branch-rate="0">
          <methods>
          </methods>
          <lines>
          </lines>
        </class>
        <class name="table.tsx" filename="src\table\table.tsx" line-rate="1" branch-rate="1">
          <methods>
            <method name="(anonymous_0)" hits="6" signature="()V">
              <lines>
                <line number="11" hits="6"/>
              </lines>
            </method>
            <method name="(anonymous_1)" hits="6" signature="()V">
              <lines>
                <line number="14" hits="6"/>
              </lines>
            </method>
          </methods>
          <lines>
            <line number="13" hits="6" branch="false"/>
            <line number="14" hits="6" branch="false"/>
            <line number="15" hits="6" branch="false"/>
          </lines>
        </class>
        <class name="types.ts" filename="src\table\types.ts" line-rate="1" branch-rate="1">
          <methods>
            <method name="(anonymous_0)" hits="3" signature="()V">
              <lines>
                <line number="36" hits="3"/>
              </lines>
            </method>
            <method name="(anonymous_1)" hits="3" signature="()V">
              <lines>
                <line number="40" hits="3"/>
              </lines>
            </method>
            <method name="(anonymous_2)" hits="6" signature="()V">
              <lines>
                <line number="54" hits="6"/>
              </lines>
            </method>
          </methods>
          <lines>
            <line number="33" hits="1" branch="false"/>
            <line number="36" hits="3" branch="false"/>
            <line number="40" hits="3" branch="false"/>
            <line number="54" hits="6" branch="false"/>
          </lines>
        </class>
      </classes>
    </package>
    <package name="table.body" line-rate="1" branch-rate="1">
      <classes>
        <class name="table-body.tsx" filename="src\table\body\table-body.tsx" line-rate="1" branch-rate="1">
          <methods>
            <method name="(anonymous_0)" hits="6" signature="()V">
              <lines>
                <line number="13" hits="6"/>
              </lines>
            </method>
            <method name="(anonymous_1)" hits="7" signature="()V">
              <lines>
                <line number="16" hits="7"/>
              </lines>
            </method>
            <method name="randerColumnsList" hits="7" signature="()V">
              <lines>
                <line number="26" hits="7"/>
              </lines>
            </method>
            <method name="(anonymous_3)" hits="12" signature="()V">
              <lines>
                <line number="33" hits="12"/>
              </lines>
            </method>
            <method name="randerColumns" hits="12" signature="()V">
              <lines>
                <line number="45" hits="12"/>
              </lines>
            </method>
            <method name="(anonymous_5)" hits="48" signature="()V">
              <lines>
                <line number="53" hits="48"/>
              </lines>
            </method>
            <method name="randerIndex" hits="12" signature="()V">
              <lines>
                <line number="70" hits="12"/>
              </lines>
            </method>
            <method name="randerTableCell" hits="36" signature="()V">
              <lines>
                <line number="75" hits="36"/>
              </lines>
            </method>
          </methods>
          <lines>
            <line number="14" hits="6" branch="false"/>
            <line number="16" hits="6" branch="false"/>
            <line number="17" hits="7" branch="false"/>
            <line number="18" hits="7" branch="false"/>
            <line number="33" hits="7" branch="false"/>
            <line number="35" hits="12" branch="false"/>
            <line number="39" hits="12" branch="false"/>
            <line number="53" hits="12" branch="false"/>
            <line number="56" hits="48" branch="true" condition-coverage="100% (2/2)"/>
            <line number="57" hits="12" branch="false"/>
            <line number="61" hits="36" branch="true" condition-coverage="100% (4/4)"/>
            <line number="62" hits="12" branch="false"/>
            <line number="64" hits="24" branch="false"/>
            <line number="71" hits="12" branch="false"/>
            <line number="76" hits="36" branch="false"/>
          </lines>
        </class>
        <class name="table-cell.tsx" filename="src\table\body\table-cell.tsx" line-rate="1" branch-rate="1">
          <methods>
            <method name="(anonymous_0)" hits="36" signature="()V">
              <lines>
                <line number="10" hits="36"/>
              </lines>
            </method>
            <method name="(anonymous_1)" hits="48" signature="()V">
              <lines>
                <line number="12" hits="48"/>
              </lines>
            </method>
          </methods>
          <lines>
            <line number="12" hits="36" branch="false"/>
            <line number="13" hits="48" branch="false"/>
          </lines>
        </class>
        <class name="table-row.tsx" filename="src\table\body\table-row.tsx" line-rate="1" branch-rate="1">
          <methods>
            <method name="(anonymous_0)" hits="14" signature="()V">
              <lines>
                <line number="10" hits="14"/>
              </lines>
            </method>
            <method name="(anonymous_1)" hits="17" signature="()V">
              <lines>
                <line number="12" hits="17"/>
              </lines>
            </method>
          </methods>
          <lines>
            <line number="12" hits="14" branch="false"/>
            <line number="14" hits="17" branch="false"/>
          </lines>
        </class>
      </classes>
    </package>
    <package name="table.css" line-rate="1" branch-rate="1">
      <classes>
        <class name="table.css" filename="src\table\css\table.css" line-rate="1" branch-rate="1">
          <methods>
          </methods>
          <lines>
            <line number="1" hits="1" branch="false"/>
          </lines>
        </class>
      </classes>
    </package>
    <package name="table.header" line-rate="1" branch-rate="1">
      <classes>
        <class name="header-cell.tsx" filename="src\table\header\header-cell.tsx" line-rate="1" branch-rate="1">
          <methods>
            <method name="(anonymous_0)" hits="12" signature="()V">
              <lines>
                <line number="7" hits="12"/>
              </lines>
            </method>
            <method name="(anonymous_1)" hits="12" signature="()V">
              <lines>
                <line number="9" hits="12"/>
              </lines>
            </method>
          </methods>
          <lines>
            <line number="9" hits="12" branch="false"/>
            <line number="10" hits="12" branch="false"/>
          </lines>
        </class>
        <class name="table-header.tsx" filename="src\table\header\table-header.tsx" line-rate="1" branch-rate="1">
          <methods>
            <method name="(anonymous_0)" hits="5" signature="()V">
              <lines>
                <line number="15" hits="5"/>
              </lines>
            </method>
            <method name="(anonymous_1)" hits="5" signature="()V">
              <lines>
                <line number="19" hits="5"/>
              </lines>
            </method>
            <method name="randerHeader" hits="5" signature="()V">
              <lines>
                <line number="32" hits="5"/>
              </lines>
            </method>
            <method name="(anonymous_3)" hits="12" signature="()V">
              <lines>
                <line number="37" hits="12"/>
              </lines>
            </method>
            <method name="randerIndex" hits="3" signature="()V">
              <lines>
                <line number="50" hits="3"/>
              </lines>
            </method>
            <method name="randerHeaderCell" hits="9" signature="()V">
              <lines>
                <line number="59" hits="9"/>
              </lines>
            </method>
          </methods>
          <lines>
            <line number="17" hits="5" branch="false"/>
            <line number="19" hits="5" branch="false"/>
            <line number="20" hits="5" branch="false"/>
            <line number="22" hits="5" branch="false"/>
            <line number="37" hits="5" branch="false"/>
            <line number="39" hits="12" branch="true" condition-coverage="100% (2/2)"/>
            <line number="40" hits="3" branch="false"/>
            <line number="43" hits="9" branch="true" condition-coverage="100% (4/4)"/>
            <line number="45" hits="9" branch="false"/>
            <line number="51" hits="3" branch="false"/>
            <line number="60" hits="9" branch="false"/>
          </lines>
        </class>
      </classes>
    </package>
    <package name="table.hooks" line-rate="0.9714" branch-rate="0.6">
      <classes>
        <class name="use-data-source.tsx" filename="src\table\hooks\use-data-source.tsx" line-rate="1" branch-rate="0.75">
          <methods>
            <method name="useDataSource" hits="6" signature="()V">
              <lines>
                <line number="5" hits="6"/>
              </lines>
            </method>
            <method name="(anonymous_1)" hits="7" signature="()V">
              <lines>
                <line number="15" hits="7"/>
              </lines>
            </method>
            <method name="(anonymous_2)" hits="8" signature="()V">
              <lines>
                <line number="18" hits="8"/>
              </lines>
            </method>
          </methods>
          <lines>
            <line number="11" hits="6" branch="false"/>
            <line number="15" hits="6" branch="false"/>
            <line number="16" hits="7" branch="false"/>
            <line number="17" hits="7" branch="true" condition-coverage="50% (1/2)"/>
            <line number="18" hits="8" branch="false"/>
            <line number="21" hits="7" branch="true" condition-coverage="100% (2/2)"/>
            <line number="22" hits="6" branch="false"/>
            <line number="24" hits="1" branch="false"/>
            <line number="30" hits="6" branch="false"/>
          </lines>
        </class>
        <class name="use-pagination.tsx" filename="src\table\hooks\use-pagination.tsx" line-rate="0.8332999999999999" branch-rate="0.5">
          <methods>
            <method name="usePagination" hits="6" signature="()V">
              <lines>
                <line number="6" hits="6"/>
              </lines>
            </method>
            <method name="(anonymous_1)" hits="0" signature="()V">
              <lines>
                <line number="15" hits="0"/>
              </lines>
            </method>
            <method name="(anonymous_2)" hits="6" signature="()V">
              <lines>
                <line number="20" hits="6"/>
              </lines>
            </method>
          </methods>
          <lines>
            <line number="9" hits="6" branch="false"/>
            <line number="15" hits="6" branch="false"/>
            <line number="16" hits="0" branch="false"/>
            <line number="20" hits="6" branch="false"/>
            <line number="21" hits="6" branch="false"/>
            <line number="24" hits="6" branch="false"/>
          </lines>
        </class>
        <class name="use-sort.tsx" filename="src\table\hooks\use-sort.tsx" line-rate="1" branch-rate="0.5832999999999999">
          <methods>
            <method name="useSort" hits="6" signature="()V">
              <lines>
                <line number="10" hits="6"/>
              </lines>
            </method>
            <method name="(anonymous_1)" hits="6" signature="()V">
              <lines>
                <line number="18" hits="6"/>
              </lines>
            </method>
            <method name="(anonymous_2)" hits="1" signature="()V">
              <lines>
                <line number="23" hits="1"/>
              </lines>
            </method>
            <method name="(anonymous_3)" hits="1" signature="()V">
              <lines>
                <line number="28" hits="1"/>
              </lines>
            </method>
            <method name="(anonymous_4)" hits="2" signature="()V">
              <lines>
                <line number="33" hits="2"/>
              </lines>
            </method>
            <method name="(anonymous_5)" hits="1" signature="()V">
              <lines>
                <line number="38" hits="1"/>
              </lines>
            </method>
            <method name="(anonymous_6)" hits="2" signature="()V">
              <lines>
                <line number="44" hits="2"/>
              </lines>
            </method>
            <method name="(anonymous_7)" hits="6" signature="()V">
              <lines>
                <line number="66" hits="6"/>
              </lines>
            </method>
          </methods>
          <lines>
            <line number="13" hits="6" branch="false"/>
            <line number="17" hits="6" branch="false"/>
            <line number="18" hits="6" branch="false"/>
            <line number="23" hits="6" branch="false"/>
            <line number="24" hits="1" branch="true" condition-coverage="50% (1/2)"/>
            <line number="28" hits="6" branch="false"/>
            <line number="32" hits="1" branch="false"/>
            <line number="33" hits="2" branch="true" condition-coverage="50% (1/2)"/>
            <line number="34" hits="1" branch="false"/>
            <line number="38" hits="6" branch="false"/>
            <line number="44" hits="2" branch="false"/>
            <line number="47" hits="1" branch="true" condition-coverage="50% (2/4)"/>
            <line number="50" hits="1" branch="true" condition-coverage="100% (2/2)"/>
            <line number="53" hits="1" branch="false"/>
            <line number="56" hits="1" branch="true" condition-coverage="50% (1/2)"/>
            <line number="58" hits="1" branch="false"/>
            <line number="61" hits="1" branch="false"/>
            <line number="66" hits="6" branch="false"/>
            <line number="67" hits="6" branch="false"/>
            <line number="70" hits="6" branch="false"/>
          </lines>
        </class>
      </classes>
    </package>
    <package name="table.pagination" line-rate="0.826" branch-rate="0.3333">
      <classes>
        <class name="index.tsx" filename="src\table\pagination\index.tsx" line-rate="0.826" branch-rate="0.3333">
          <methods>
            <method name="(anonymous_0)" hits="5" signature="()V">
              <lines>
                <line number="7" hits="5"/>
              </lines>
            </method>
            <method name="(anonymous_1)" hits="8" signature="()V">
              <lines>
                <line number="17" hits="8"/>
              </lines>
            </method>
            <method name="(anonymous_2)" hits="2" signature="()V">
              <lines>
                <line number="21" hits="2"/>
              </lines>
            </method>
            <method name="(anonymous_3)" hits="2" signature="()V">
              <lines>
                <line number="26" hits="2"/>
              </lines>
            </method>
            <method name="(anonymous_4)" hits="5" signature="()V">
              <lines>
                <line number="31" hits="5"/>
              </lines>
            </method>
            <method name="(anonymous_5)" hits="0" signature="()V">
              <lines>
                <line number="31" hits="0"/>
              </lines>
            </method>
            <method name="(anonymous_6)" hits="5" signature="()V">
              <lines>
                <line number="42" hits="5"/>
              </lines>
            </method>
            <method name="(anonymous_7)" hits="0" signature="()V">
              <lines>
                <line number="42" hits="0"/>
              </lines>
            </method>
            <method name="(anonymous_8)" hits="8" signature="()V">
              <lines>
                <line number="52" hits="8"/>
              </lines>
            </method>
            <method name="(anonymous_9)" hits="32" signature="()V">
              <lines>
                <line number="53" hits="32"/>
              </lines>
            </method>
          </methods>
          <lines>
            <line number="11" hits="5" branch="false"/>
            <line number="12" hits="5" branch="false"/>
            <line number="13" hits="5" branch="false"/>
            <line number="14" hits="5" branch="false"/>
            <line number="17" hits="5" branch="false"/>
            <line number="18" hits="8" branch="false"/>
            <line number="21" hits="5" branch="false"/>
            <line number="22" hits="2" branch="true" condition-coverage="50% (1/2)"/>
            <line number="26" hits="5" branch="false"/>
            <line number="27" hits="2" branch="true" condition-coverage="50% (1/2)"/>
            <line number="31" hits="5" branch="false"/>
            <line number="33" hits="0" branch="true" condition-coverage="0% (0/2)"/>
            <line number="34" hits="0" branch="false"/>
            <line number="36" hits="0" branch="false"/>
            <line number="42" hits="5" branch="false"/>
            <line number="43" hits="0" branch="false"/>
            <line number="52" hits="5" branch="false"/>
            <line number="53" hits="8" branch="false"/>
            <line number="54" hits="32" branch="false"/>
            <line number="57" hits="8" branch="false"/>
            <line number="58" hits="8" branch="false"/>
            <line number="60" hits="6" branch="false"/>
            <line number="66" hits="8" branch="false"/>
          </lines>
        </class>
      </classes>
    </package>
    <package name="table.sort-button" line-rate="1" branch-rate="1">
      <classes>
        <class name="arrow-down.tsx" filename="src\table\sort-button\arrow-down.tsx" line-rate="1" branch-rate="1">
          <methods>
            <method name="(anonymous_0)" hits="6" signature="()V">
              <lines>
                <line number="5" hits="6"/>
              </lines>
            </method>
          </methods>
          <lines>
            <line number="6" hits="6" branch="false"/>
          </lines>
        </class>
        <class name="index.tsx" filename="src\table\sort-button\index.tsx" line-rate="1" branch-rate="1">
          <methods>
            <method name="(anonymous_0)" hits="6" signature="()V">
              <lines>
                <line number="20" hits="6"/>
              </lines>
            </method>
            <method name="(anonymous_1)" hits="8" signature="()V">
              <lines>
                <line number="24" hits="8"/>
              </lines>
            </method>
            <method name="(anonymous_2)" hits="8" signature="()V">
              <lines>
                <line number="24" hits="8"/>
              </lines>
            </method>
            <method name="(anonymous_3)" hits="2" signature="()V">
              <lines>
                <line number="24" hits="2"/>
              </lines>
            </method>
            <method name="(anonymous_4)" hits="1" signature="()V">
              <lines>
                <line number="35" hits="1"/>
              </lines>
            </method>
            <method name="(anonymous_5)" hits="7" signature="()V">
              <lines>
                <line number="39" hits="7"/>
              </lines>
            </method>
          </methods>
          <lines>
            <line number="21" hits="6" branch="false"/>
            <line number="22" hits="6" branch="false"/>
            <line number="24" hits="8" branch="false"/>
            <line number="27" hits="2" branch="true" condition-coverage="100% (2/2)"/>
            <line number="28" hits="1" branch="false"/>
            <line number="30" hits="1" branch="false"/>
            <line number="35" hits="6" branch="false"/>
            <line number="36" hits="1" branch="false"/>
            <line number="39" hits="6" branch="false"/>
            <line number="40" hits="7" branch="false"/>
          </lines>
        </class>
      </classes>
    </package>
  </packages>
</coverage>
