<?xml version="1.0" ?>
<!DOCTYPE coverage SYSTEM "http://cobertura.sourceforge.net/xml/coverage-04.dtd">
<coverage lines-valid="113" lines-covered="94" line-rate="0.8318000000000001" branches-valid="48" branches-covered="23" branch-rate="0.47909999999999997" timestamp="1635586341416" complexity="0" version="0.1">
  <sources>
    <source>F:\soft\progrmmingsoftware\WebStrom\progrom\progrom\code-table\code-testing</source>
  </sources>
  <packages>
    <package name="table" line-rate="1" branch-rate="1">
      <classes>
        <class name="fj-table.tsx" filename="src\table\fj-table.tsx" line-rate="1" branch-rate="1">
          <methods>
            <method name="(anonymous_0)" hits="4" signature="()V">
              <lines>
                <line number="15" hits="4"/>
              </lines>
            </method>
            <method name="(anonymous_1)" hits="3" signature="()V">
              <lines>
                <line number="23" hits="3"/>
              </lines>
            </method>
            <method name="(anonymous_2)" hits="4" signature="()V">
              <lines>
                <line number="43" hits="4"/>
              </lines>
            </method>
          </methods>
          <lines>
            <line number="18" hits="4" branch="false"/>
            <line number="19" hits="4" branch="false"/>
            <line number="20" hits="4" branch="false"/>
            <line number="21" hits="4" branch="false"/>
            <line number="23" hits="4" branch="false"/>
            <line number="24" hits="3" branch="false"/>
            <line number="27" hits="4" branch="false"/>
            <line number="28" hits="4" branch="false"/>
            <line number="29" hits="4" branch="false"/>
            <line number="31" hits="4" branch="false"/>
            <line number="43" hits="4" branch="false"/>
            <line number="44" hits="4" branch="false"/>
          </lines>
        </class>
        <class name="index.ts" filename="src\table\index.ts" line-rate="0" branch-rate="0">
          <methods>
          </methods>
          <lines>
          </lines>
        </class>
        <class name="table.tsx" filename="src\table\table.tsx" line-rate="1" branch-rate="1">
          <methods>
            <method name="(anonymous_0)" hits="4" signature="()V">
              <lines>
                <line number="11" hits="4"/>
              </lines>
            </method>
            <method name="(anonymous_1)" hits="4" signature="()V">
              <lines>
                <line number="14" hits="4"/>
              </lines>
            </method>
          </methods>
          <lines>
            <line number="13" hits="4" branch="false"/>
            <line number="14" hits="4" branch="false"/>
            <line number="15" hits="4" branch="false"/>
          </lines>
        </class>
        <class name="types.ts" filename="src\table\types.ts" line-rate="1" branch-rate="1">
          <methods>
            <method name="(anonymous_0)" hits="3" signature="()V">
              <lines>
                <line number="36" hits="3"/>
              </lines>
            </method>
            <method name="(anonymous_1)" hits="3" signature="()V">
              <lines>
                <line number="40" hits="3"/>
              </lines>
            </method>
          </methods>
          <lines>
            <line number="33" hits="1" branch="false"/>
            <line number="36" hits="3" branch="false"/>
            <line number="40" hits="3" branch="false"/>
          </lines>
        </class>
      </classes>
    </package>
    <package name="table.body" line-rate="1" branch-rate="1">
      <classes>
        <class name="table-body.tsx" filename="src\table\body\table-body.tsx" line-rate="1" branch-rate="1">
          <methods>
            <method name="(anonymous_0)" hits="4" signature="()V">
              <lines>
                <line number="13" hits="4"/>
              </lines>
            </method>
            <method name="(anonymous_1)" hits="4" signature="()V">
              <lines>
                <line number="16" hits="4"/>
              </lines>
            </method>
            <method name="randerColumnsList" hits="4" signature="()V">
              <lines>
                <line number="26" hits="4"/>
              </lines>
            </method>
            <method name="(anonymous_3)" hits="10" signature="()V">
              <lines>
                <line number="27" hits="10"/>
              </lines>
            </method>
            <method name="randerColumns" hits="10" signature="()V">
              <lines>
                <line number="37" hits="10"/>
              </lines>
            </method>
            <method name="(anonymous_5)" hits="40" signature="()V">
              <lines>
                <line number="38" hits="40"/>
              </lines>
            </method>
            <method name="randerIndex" hits="10" signature="()V">
              <lines>
                <line number="55" hits="10"/>
              </lines>
            </method>
            <method name="randerTableCell" hits="30" signature="()V">
              <lines>
                <line number="60" hits="30"/>
              </lines>
            </method>
          </methods>
          <lines>
            <line number="14" hits="4" branch="false"/>
            <line number="16" hits="4" branch="false"/>
            <line number="17" hits="4" branch="false"/>
            <line number="18" hits="4" branch="false"/>
            <line number="27" hits="4" branch="false"/>
            <line number="29" hits="10" branch="false"/>
            <line number="31" hits="10" branch="false"/>
            <line number="38" hits="10" branch="false"/>
            <line number="41" hits="40" branch="true" condition-coverage="100% (2/2)"/>
            <line number="42" hits="10" branch="false"/>
            <line number="46" hits="30" branch="true" condition-coverage="100% (4/4)"/>
            <line number="47" hits="10" branch="false"/>
            <line number="49" hits="20" branch="false"/>
            <line number="56" hits="10" branch="false"/>
            <line number="61" hits="30" branch="false"/>
          </lines>
        </class>
        <class name="table-cell.tsx" filename="src\table\body\table-cell.tsx" line-rate="1" branch-rate="1">
          <methods>
            <method name="(anonymous_0)" hits="40" signature="()V">
              <lines>
                <line number="10" hits="40"/>
              </lines>
            </method>
            <method name="(anonymous_1)" hits="40" signature="()V">
              <lines>
                <line number="12" hits="40"/>
              </lines>
            </method>
          </methods>
          <lines>
            <line number="12" hits="40" branch="false"/>
            <line number="13" hits="40" branch="false"/>
          </lines>
        </class>
        <class name="table-row.tsx" filename="src\table\body\table-row.tsx" line-rate="1" branch-rate="1">
          <methods>
            <method name="(anonymous_0)" hits="14" signature="()V">
              <lines>
                <line number="10" hits="14"/>
              </lines>
            </method>
            <method name="(anonymous_1)" hits="14" signature="()V">
              <lines>
                <line number="12" hits="14"/>
              </lines>
            </method>
          </methods>
          <lines>
            <line number="12" hits="14" branch="false"/>
            <line number="14" hits="14" branch="false"/>
          </lines>
        </class>
      </classes>
    </package>
    <package name="table.css" line-rate="1" branch-rate="1">
      <classes>
        <class name="table.css" filename="src\table\css\table.css" line-rate="1" branch-rate="1">
          <methods>
          </methods>
          <lines>
            <line number="1" hits="1" branch="false"/>
          </lines>
        </class>
      </classes>
    </package>
    <package name="table.header" line-rate="1" branch-rate="1">
      <classes>
        <class name="header-cell.tsx" filename="src\table\header\header-cell.tsx" line-rate="1" branch-rate="1">
          <methods>
            <method name="(anonymous_0)" hits="4" signature="()V">
              <lines>
                <line number="7" hits="4"/>
              </lines>
            </method>
            <method name="(anonymous_1)" hits="4" signature="()V">
              <lines>
                <line number="9" hits="4"/>
              </lines>
            </method>
          </methods>
          <lines>
            <line number="9" hits="4" branch="false"/>
            <line number="10" hits="4" branch="false"/>
          </lines>
        </class>
        <class name="table-header.tsx" filename="src\table\header\table-header.tsx" line-rate="1" branch-rate="1">
          <methods>
            <method name="(anonymous_0)" hits="4" signature="()V">
              <lines>
                <line number="15" hits="4"/>
              </lines>
            </method>
            <method name="(anonymous_1)" hits="4" signature="()V">
              <lines>
                <line number="19" hits="4"/>
              </lines>
            </method>
            <method name="randerHeader" hits="4" signature="()V">
              <lines>
                <line number="31" hits="4"/>
              </lines>
            </method>
            <method name="(anonymous_3)" hits="4" signature="()V">
              <lines>
                <line number="32" hits="4"/>
              </lines>
            </method>
            <method name="randerIndex" hits="1" signature="()V">
              <lines>
                <line number="47" hits="1"/>
              </lines>
            </method>
            <method name="randerHeaderSlot" hits="1" signature="()V">
              <lines>
                <line number="55" hits="1"/>
              </lines>
            </method>
            <method name="randerHeaderCell" hits="2" signature="()V">
              <lines>
                <line number="65" hits="2"/>
              </lines>
            </method>
          </methods>
          <lines>
            <line number="17" hits="4" branch="false"/>
            <line number="19" hits="4" branch="false"/>
            <line number="20" hits="4" branch="false"/>
            <line number="21" hits="4" branch="false"/>
            <line number="32" hits="4" branch="false"/>
            <line number="34" hits="4" branch="true" condition-coverage="100% (2/2)"/>
            <line number="35" hits="1" branch="false"/>
            <line number="38" hits="3" branch="true" condition-coverage="100% (2/2)"/>
            <line number="39" hits="1" branch="false"/>
            <line number="42" hits="2" branch="false"/>
            <line number="48" hits="1" branch="false"/>
            <line number="56" hits="1" branch="false"/>
            <line number="66" hits="2" branch="false"/>
          </lines>
        </class>
      </classes>
    </package>
    <package name="table.hooks" line-rate="0.6537999999999999" branch-rate="0.15">
      <classes>
        <class name="use-data-source.tsx" filename="src\table\hooks\use-data-source.tsx" line-rate="1" branch-rate="0.75">
          <methods>
            <method name="useDataSource" hits="4" signature="()V">
              <lines>
                <line number="5" hits="4"/>
              </lines>
            </method>
            <method name="(anonymous_1)" hits="4" signature="()V">
              <lines>
                <line number="8" hits="4"/>
              </lines>
            </method>
            <method name="(anonymous_2)" hits="99" signature="()V">
              <lines>
                <line number="11" hits="99"/>
              </lines>
            </method>
          </methods>
          <lines>
            <line number="8" hits="4" branch="false"/>
            <line number="9" hits="4" branch="false"/>
            <line number="10" hits="4" branch="true" condition-coverage="50% (1/2)"/>
            <line number="11" hits="99" branch="false"/>
            <line number="14" hits="4" branch="true" condition-coverage="100% (2/2)"/>
            <line number="15" hits="3" branch="false"/>
            <line number="17" hits="1" branch="false"/>
            <line number="21" hits="4" branch="false"/>
          </lines>
        </class>
        <class name="use-pagination.tsx" filename="src\table\hooks\use-pagination.tsx" line-rate="0.75" branch-rate="1">
          <methods>
            <method name="usePagination" hits="4" signature="()V">
              <lines>
                <line number="6" hits="4"/>
              </lines>
            </method>
            <method name="(anonymous_1)" hits="0" signature="()V">
              <lines>
                <line number="13" hits="0"/>
              </lines>
            </method>
          </methods>
          <lines>
            <line number="8" hits="4" branch="false"/>
            <line number="13" hits="4" branch="false"/>
            <line number="14" hits="0" branch="false"/>
            <line number="17" hits="4" branch="false"/>
          </lines>
        </class>
        <class name="use-sort.tsx" filename="src\table\hooks\use-sort.tsx" line-rate="0.4285" branch-rate="0">
          <methods>
            <method name="useSort" hits="4" signature="()V">
              <lines>
                <line number="10" hits="4"/>
              </lines>
            </method>
            <method name="(anonymous_1)" hits="99" signature="()V">
              <lines>
                <line number="16" hits="99"/>
              </lines>
            </method>
            <method name="(anonymous_2)" hits="0" signature="()V">
              <lines>
                <line number="21" hits="0"/>
              </lines>
            </method>
            <method name="(anonymous_3)" hits="0" signature="()V">
              <lines>
                <line number="27" hits="0"/>
              </lines>
            </method>
            <method name="(anonymous_4)" hits="0" signature="()V">
              <lines>
                <line number="29" hits="0"/>
              </lines>
            </method>
            <method name="(anonymous_5)" hits="0" signature="()V">
              <lines>
                <line number="40" hits="0"/>
              </lines>
            </method>
          </methods>
          <lines>
            <line number="12" hits="4" branch="false"/>
            <line number="15" hits="4" branch="false"/>
            <line number="16" hits="99" branch="false"/>
            <line number="21" hits="4" branch="false"/>
            <line number="22" hits="0" branch="true" condition-coverage="0% (0/2)"/>
            <line number="27" hits="4" branch="false"/>
            <line number="29" hits="0" branch="false"/>
            <line number="32" hits="0" branch="true" condition-coverage="0% (0/4)"/>
            <line number="35" hits="0" branch="true" condition-coverage="0% (0/2)"/>
            <line number="37" hits="0" branch="true" condition-coverage="0% (0/2)"/>
            <line number="39" hits="0" branch="true" condition-coverage="0% (0/4)"/>
            <line number="40" hits="0" branch="true" condition-coverage="0% (0/2)"/>
            <line number="41" hits="0" branch="false"/>
            <line number="45" hits="4" branch="false"/>
          </lines>
        </class>
      </classes>
    </package>
    <package name="table.pagination" line-rate="0.7391" branch-rate="0">
      <classes>
        <class name="index.tsx" filename="src\table\pagination\index.tsx" line-rate="0.7391" branch-rate="0">
          <methods>
            <method name="(anonymous_0)" hits="3" signature="()V">
              <lines>
                <line number="7" hits="3"/>
              </lines>
            </method>
            <method name="(anonymous_1)" hits="3" signature="()V">
              <lines>
                <line number="15" hits="3"/>
              </lines>
            </method>
            <method name="(anonymous_2)" hits="0" signature="()V">
              <lines>
                <line number="19" hits="0"/>
              </lines>
            </method>
            <method name="(anonymous_3)" hits="0" signature="()V">
              <lines>
                <line number="24" hits="0"/>
              </lines>
            </method>
            <method name="(anonymous_4)" hits="0" signature="()V">
              <lines>
                <line number="29" hits="0"/>
              </lines>
            </method>
            <method name="(anonymous_5)" hits="0" signature="()V">
              <lines>
                <line number="40" hits="0"/>
              </lines>
            </method>
            <method name="(anonymous_6)" hits="3" signature="()V">
              <lines>
                <line number="50" hits="3"/>
              </lines>
            </method>
            <method name="(anonymous_7)" hits="12" signature="()V">
              <lines>
                <line number="51" hits="12"/>
              </lines>
            </method>
          </methods>
          <lines>
            <line number="9" hits="3" branch="false"/>
            <line number="10" hits="3" branch="false"/>
            <line number="11" hits="3" branch="false"/>
            <line number="12" hits="3" branch="false"/>
            <line number="15" hits="3" branch="false"/>
            <line number="16" hits="3" branch="false"/>
            <line number="19" hits="3" branch="false"/>
            <line number="20" hits="0" branch="true" condition-coverage="0% (0/2)"/>
            <line number="24" hits="3" branch="false"/>
            <line number="25" hits="0" branch="true" condition-coverage="0% (0/2)"/>
            <line number="29" hits="3" branch="false"/>
            <line number="31" hits="0" branch="true" condition-coverage="0% (0/2)"/>
            <line number="32" hits="0" branch="false"/>
            <line number="34" hits="0" branch="false"/>
            <line number="40" hits="3" branch="false"/>
            <line number="41" hits="0" branch="false"/>
            <line number="50" hits="3" branch="false"/>
            <line number="51" hits="3" branch="false"/>
            <line number="52" hits="12" branch="false"/>
            <line number="55" hits="3" branch="false"/>
            <line number="56" hits="3" branch="false"/>
            <line number="58" hits="10" branch="false"/>
            <line number="64" hits="3" branch="false"/>
          </lines>
        </class>
      </classes>
    </package>
    <package name="table.sort-button" line-rate="0.6363" branch-rate="0">
      <classes>
        <class name="arrow-down.tsx" filename="src\table\sort-button\arrow-down.tsx" line-rate="1" branch-rate="1">
          <methods>
            <method name="(anonymous_0)" hits="3" signature="()V">
              <lines>
                <line number="5" hits="3"/>
              </lines>
            </method>
          </methods>
          <lines>
            <line number="6" hits="3" branch="false"/>
          </lines>
        </class>
        <class name="index.tsx" filename="src\table\sort-button\index.tsx" line-rate="0.6" branch-rate="0">
          <methods>
            <method name="(anonymous_0)" hits="3" signature="()V">
              <lines>
                <line number="20" hits="3"/>
              </lines>
            </method>
            <method name="(anonymous_1)" hits="3" signature="()V">
              <lines>
                <line number="24" hits="3"/>
              </lines>
            </method>
            <method name="(anonymous_2)" hits="3" signature="()V">
              <lines>
                <line number="24" hits="3"/>
              </lines>
            </method>
            <method name="(anonymous_3)" hits="0" signature="()V">
              <lines>
                <line number="24" hits="0"/>
              </lines>
            </method>
            <method name="(anonymous_4)" hits="0" signature="()V">
              <lines>
                <line number="32" hits="0"/>
              </lines>
            </method>
            <method name="(anonymous_5)" hits="3" signature="()V">
              <lines>
                <line number="36" hits="3"/>
              </lines>
            </method>
          </methods>
          <lines>
            <line number="21" hits="3" branch="false"/>
            <line number="22" hits="3" branch="false"/>
            <line number="24" hits="3" branch="false"/>
            <line number="25" hits="0" branch="true" condition-coverage="0% (0/2)"/>
            <line number="26" hits="0" branch="false"/>
            <line number="28" hits="0" branch="false"/>
            <line number="32" hits="3" branch="false"/>
            <line number="33" hits="0" branch="false"/>
            <line number="36" hits="3" branch="false"/>
            <line number="37" hits="3" branch="false"/>
          </lines>
        </class>
      </classes>
    </package>
  </packages>
</coverage>
