{"F:\\soft\\progrmmingsoftware\\WebStrom\\progrom\\progrom\\code-table\\code-testing\\src\\table\\fj-table.tsx": {"path":"F:\\soft\\progrmmingsoftware\\WebStrom\\progrom\\progrom\\code-table\\code-testing\\src\\table\\fj-table.tsx","statementMap":{"0":{"start":{"line":17,"column":63},"end":{"line":17,"column":83}},"1":{"start":{"line":18,"column":47},"end":{"line":18,"column":56}},"2":{"start":{"line":19,"column":30},"end":{"line":19,"column":92}},"3":{"start":{"line":21,"column":4},"end":{"line":29,"column":6}},"4":{"start":{"line":31,"column":4},"end":{"line":39,"column":5}},"5":{"start":{"line":32,"column":6},"end":{"line":38,"column":7}}},"fnMap":{"0":{"name":"(anonymous_0)","decl":{"start":{"line":15,"column":2},"end":{"line":15,"column":3}},"loc":{"start":{"line":15,"column":24},"end":{"line":40,"column":3}},"line":15},"1":{"name":"(anonymous_1)","decl":{"start":{"line":31,"column":11},"end":{"line":31,"column":12}},"loc":{"start":{"line":31,"column":17},"end":{"line":39,"column":5}},"line":31}},"branchMap":{"0":{"loc":{"start":{"line":36,"column":11},"end":{"line":36,"column":50}},"type":"binary-expr","locations":[{"start":{"line":36,"column":11},"end":{"line":36,"column":32}},{"start":{"line":36,"column":36},"end":{"line":36,"column":50}}],"line":36}},"s":{"0":6,"1":6,"2":6,"3":6,"4":6,"5":9},"f":{"0":6,"1":9},"b":{"0":[9,8]},"_coverageSchema":"1a1c01bbd47fc00a2c39e90264f33305004495a9","hash":"338c556ad176c1a5372e2b13a8846711f936b98b"}
,"F:\\soft\\progrmmingsoftware\\WebStrom\\progrom\\progrom\\code-table\\code-testing\\src\\table\\index.ts": {"path":"F:\\soft\\progrmmingsoftware\\WebStrom\\progrom\\progrom\\code-table\\code-testing\\src\\table\\index.ts","statementMap":{},"fnMap":{},"branchMap":{},"s":{},"f":{},"b":{},"_coverageSchema":"1a1c01bbd47fc00a2c39e90264f33305004495a9","hash":"2b6322f64db6d8be66c5ab3d2bcda93bac95bf00"}
,"F:\\soft\\progrmmingsoftware\\WebStrom\\progrom\\progrom\\code-table\\code-testing\\src\\table\\table.tsx": {"path":"F:\\soft\\progrmmingsoftware\\WebStrom\\progrom\\progrom\\code-table\\code-testing\\src\\table\\table.tsx","statementMap":{"0":{"start":{"line":13,"column":23},"end":{"line":13,"column":45}},"1":{"start":{"line":14,"column":4},"end":{"line":24,"column":5}},"2":{"start":{"line":15,"column":6},"end":{"line":23,"column":7}}},"fnMap":{"0":{"name":"(anonymous_0)","decl":{"start":{"line":11,"column":2},"end":{"line":11,"column":3}},"loc":{"start":{"line":11,"column":10},"end":{"line":26,"column":3}},"line":11},"1":{"name":"(anonymous_1)","decl":{"start":{"line":14,"column":11},"end":{"line":14,"column":12}},"loc":{"start":{"line":14,"column":17},"end":{"line":24,"column":5}},"line":14}},"branchMap":{"0":{"loc":{"start":{"line":19,"column":16},"end":{"line":19,"column":53}},"type":"binary-expr","locations":[{"start":{"line":19,"column":16},"end":{"line":19,"column":33}},{"start":{"line":19,"column":37},"end":{"line":19,"column":53}}],"line":19}},"s":{"0":6,"1":6,"2":6},"f":{"0":6,"1":6},"b":{"0":[6,5]},"_coverageSchema":"1a1c01bbd47fc00a2c39e90264f33305004495a9","hash":"12114dbb91caf65c0087f2b6274075330bf02845"}
,"F:\\soft\\progrmmingsoftware\\WebStrom\\progrom\\progrom\\code-table\\code-testing\\src\\table\\types.ts": {"path":"F:\\soft\\progrmmingsoftware\\WebStrom\\progrom\\progrom\\code-table\\code-testing\\src\\table\\types.ts","statementMap":{"0":{"start":{"line":33,"column":26},"end":{"line":59,"column":1}},"1":{"start":{"line":36,"column":43},"end":{"line":36,"column":45}},"2":{"start":{"line":40,"column":43},"end":{"line":40,"column":45}},"3":{"start":{"line":54,"column":39},"end":{"line":57,"column":5}}},"fnMap":{"0":{"name":"(anonymous_0)","decl":{"start":{"line":36,"column":13},"end":{"line":36,"column":14}},"loc":{"start":{"line":36,"column":43},"end":{"line":36,"column":45}},"line":36},"1":{"name":"(anonymous_1)","decl":{"start":{"line":40,"column":13},"end":{"line":40,"column":14}},"loc":{"start":{"line":40,"column":43},"end":{"line":40,"column":45}},"line":40},"2":{"name":"(anonymous_2)","decl":{"start":{"line":54,"column":13},"end":{"line":54,"column":14}},"loc":{"start":{"line":54,"column":39},"end":{"line":57,"column":5}},"line":54}},"branchMap":{},"s":{"0":1,"1":3,"2":3,"3":6},"f":{"0":3,"1":3,"2":6},"b":{},"_coverageSchema":"1a1c01bbd47fc00a2c39e90264f33305004495a9","hash":"08452e0156ca76c52a00f1b74700764fb5468bc8"}
,"F:\\soft\\progrmmingsoftware\\WebStrom\\progrom\\progrom\\code-table\\code-testing\\src\\table\\body\\table-body.tsx": {"path":"F:\\soft\\progrmmingsoftware\\WebStrom\\progrom\\progrom\\code-table\\code-testing\\src\\table\\body\\table-body.tsx","statementMap":{"0":{"start":{"line":14,"column":60},"end":{"line":14,"column":82}},"1":{"start":{"line":16,"column":4},"end":{"line":21,"column":5}},"2":{"start":{"line":17,"column":20},"end":{"line":17,"column":105}},"3":{"start":{"line":18,"column":6},"end":{"line":20,"column":7}},"4":{"start":{"line":33,"column":2},"end":{"line":42,"column":4}},"5":{"start":{"line":35,"column":22},"end":{"line":35,"column":78}},"6":{"start":{"line":39,"column":4},"end":{"line":41,"column":5}},"7":{"start":{"line":53,"column":2},"end":{"line":66,"column":5}},"8":{"start":{"line":56,"column":4},"end":{"line":58,"column":5}},"9":{"start":{"line":57,"column":6},"end":{"line":57,"column":53}},"10":{"start":{"line":61,"column":4},"end":{"line":63,"column":5}},"11":{"start":{"line":62,"column":6},"end":{"line":62,"column":52}},"12":{"start":{"line":64,"column":4},"end":{"line":64,"column":47}},"13":{"start":{"line":71,"column":2},"end":{"line":71,"column":108}},"14":{"start":{"line":76,"column":2},"end":{"line":76,"column":47}}},"fnMap":{"0":{"name":"(anonymous_0)","decl":{"start":{"line":13,"column":2},"end":{"line":13,"column":3}},"loc":{"start":{"line":13,"column":10},"end":{"line":22,"column":3}},"line":13},"1":{"name":"(anonymous_1)","decl":{"start":{"line":16,"column":11},"end":{"line":16,"column":12}},"loc":{"start":{"line":16,"column":17},"end":{"line":21,"column":5}},"line":16},"2":{"name":"randerColumnsList","decl":{"start":{"line":26,"column":9},"end":{"line":26,"column":26}},"loc":{"start":{"line":26,"column":109},"end":{"line":43,"column":1}},"line":26},"3":{"name":"(anonymous_3)","decl":{"start":{"line":33,"column":23},"end":{"line":33,"column":24}},"loc":{"start":{"line":33,"column":42},"end":{"line":42,"column":3}},"line":33},"4":{"name":"randerColumns","decl":{"start":{"line":45,"column":9},"end":{"line":45,"column":22}},"loc":{"start":{"line":45,"column":130},"end":{"line":67,"column":1}},"line":45},"5":{"name":"(anonymous_5)","decl":{"start":{"line":53,"column":21},"end":{"line":53,"column":22}},"loc":{"start":{"line":53,"column":33},"end":{"line":66,"column":3}},"line":53},"6":{"name":"randerIndex","decl":{"start":{"line":70,"column":9},"end":{"line":70,"column":20}},"loc":{"start":{"line":70,"column":78},"end":{"line":72,"column":1}},"line":70},"7":{"name":"randerTableCell","decl":{"start":{"line":75,"column":9},"end":{"line":75,"column":24}},"loc":{"start":{"line":75,"column":62},"end":{"line":77,"column":1}},"line":75}},"branchMap":{"0":{"loc":{"start":{"line":56,"column":4},"end":{"line":58,"column":5}},"type":"if","locations":[{"start":{"line":56,"column":4},"end":{"line":58,"column":5}},{"start":{"line":56,"column":4},"end":{"line":58,"column":5}}],"line":56},"1":{"loc":{"start":{"line":61,"column":4},"end":{"line":63,"column":5}},"type":"if","locations":[{"start":{"line":61,"column":4},"end":{"line":63,"column":5}},{"start":{"line":61,"column":4},"end":{"line":63,"column":5}}],"line":61},"2":{"loc":{"start":{"line":61,"column":8},"end":{"line":61,"column":50}},"type":"binary-expr","locations":[{"start":{"line":61,"column":8},"end":{"line":61,"column":21}},{"start":{"line":61,"column":25},"end":{"line":61,"column":50}}],"line":61}},"s":{"0":6,"1":6,"2":7,"3":7,"4":7,"5":12,"6":12,"7":12,"8":48,"9":12,"10":36,"11":12,"12":24,"13":12,"14":36},"f":{"0":6,"1":7,"2":7,"3":12,"4":12,"5":48,"6":12,"7":36},"b":{"0":[12,36],"1":[12,24],"2":[36,12]},"_coverageSchema":"1a1c01bbd47fc00a2c39e90264f33305004495a9","hash":"fe74a79929bd712694a8571eb82710bacabc5cf3"}
,"F:\\soft\\progrmmingsoftware\\WebStrom\\progrom\\progrom\\code-table\\code-testing\\src\\table\\body\\table-cell.tsx": {"path":"F:\\soft\\progrmmingsoftware\\WebStrom\\progrom\\progrom\\code-table\\code-testing\\src\\table\\body\\table-cell.tsx","statementMap":{"0":{"start":{"line":12,"column":4},"end":{"line":16,"column":5}},"1":{"start":{"line":13,"column":6},"end":{"line":15,"column":7}}},"fnMap":{"0":{"name":"(anonymous_0)","decl":{"start":{"line":10,"column":2},"end":{"line":10,"column":3}},"loc":{"start":{"line":10,"column":24},"end":{"line":17,"column":3}},"line":10},"1":{"name":"(anonymous_1)","decl":{"start":{"line":12,"column":11},"end":{"line":12,"column":12}},"loc":{"start":{"line":12,"column":17},"end":{"line":16,"column":5}},"line":12}},"branchMap":{},"s":{"0":36,"1":48},"f":{"0":36,"1":48},"b":{},"_coverageSchema":"1a1c01bbd47fc00a2c39e90264f33305004495a9","hash":"49e206aa51dc4c3118cf75bd249a3ee1b9a10694"}
,"F:\\soft\\progrmmingsoftware\\WebStrom\\progrom\\progrom\\code-table\\code-testing\\src\\table\\body\\table-row.tsx": {"path":"F:\\soft\\progrmmingsoftware\\WebStrom\\progrom\\progrom\\code-table\\code-testing\\src\\table\\body\\table-row.tsx","statementMap":{"0":{"start":{"line":12,"column":4},"end":{"line":17,"column":5}},"1":{"start":{"line":14,"column":6},"end":{"line":16,"column":7}}},"fnMap":{"0":{"name":"(anonymous_0)","decl":{"start":{"line":10,"column":2},"end":{"line":10,"column":3}},"loc":{"start":{"line":10,"column":26},"end":{"line":18,"column":3}},"line":10},"1":{"name":"(anonymous_1)","decl":{"start":{"line":12,"column":11},"end":{"line":12,"column":12}},"loc":{"start":{"line":12,"column":17},"end":{"line":17,"column":5}},"line":12}},"branchMap":{},"s":{"0":14,"1":17},"f":{"0":14,"1":17},"b":{},"_coverageSchema":"1a1c01bbd47fc00a2c39e90264f33305004495a9","hash":"f7724358e514aff464bb5de353afc2c3a77d3e8d"}
,"F:\\soft\\progrmmingsoftware\\WebStrom\\progrom\\progrom\\code-table\\code-testing\\src\\table\\css\\table.css": {"path":"F:\\soft\\progrmmingsoftware\\WebStrom\\progrom\\progrom\\code-table\\code-testing\\src\\table\\css\\table.css","statementMap":{"0":{"start":{"line":1,"column":0},"end":{"line":1,"column":19}}},"fnMap":{},"branchMap":{},"s":{"0":1},"f":{},"b":{},"_coverageSchema":"1a1c01bbd47fc00a2c39e90264f33305004495a9","hash":"d18aa23b578538904c88c3672212ed161f7cf995"}
,"F:\\soft\\progrmmingsoftware\\WebStrom\\progrom\\progrom\\code-table\\code-testing\\src\\table\\header\\header-cell.tsx": {"path":"F:\\soft\\progrmmingsoftware\\WebStrom\\progrom\\progrom\\code-table\\code-testing\\src\\table\\header\\header-cell.tsx","statementMap":{"0":{"start":{"line":9,"column":4},"end":{"line":13,"column":5}},"1":{"start":{"line":10,"column":6},"end":{"line":12,"column":7}}},"fnMap":{"0":{"name":"(anonymous_0)","decl":{"start":{"line":7,"column":2},"end":{"line":7,"column":3}},"loc":{"start":{"line":7,"column":24},"end":{"line":14,"column":3}},"line":7},"1":{"name":"(anonymous_1)","decl":{"start":{"line":9,"column":11},"end":{"line":9,"column":12}},"loc":{"start":{"line":9,"column":17},"end":{"line":13,"column":5}},"line":9}},"branchMap":{},"s":{"0":12,"1":12},"f":{"0":12,"1":12},"b":{},"_coverageSchema":"1a1c01bbd47fc00a2c39e90264f33305004495a9","hash":"1aa8c223256d40d619ffda7916c020a3379b93c7"}
,"F:\\soft\\progrmmingsoftware\\WebStrom\\progrom\\progrom\\code-table\\code-testing\\src\\table\\header\\table-header.tsx": {"path":"F:\\soft\\progrmmingsoftware\\WebStrom\\progrom\\progrom\\code-table\\code-testing\\src\\table\\header\\table-header.tsx","statementMap":{"0":{"start":{"line":17,"column":30},"end":{"line":17,"column":52}},"1":{"start":{"line":19,"column":4},"end":{"line":27,"column":5}},"2":{"start":{"line":20,"column":22},"end":{"line":20,"column":56}},"3":{"start":{"line":22,"column":6},"end":{"line":26,"column":7}},"4":{"start":{"line":37,"column":2},"end":{"line":46,"column":4}},"5":{"start":{"line":39,"column":4},"end":{"line":41,"column":5}},"6":{"start":{"line":40,"column":6},"end":{"line":40,"column":26}},"7":{"start":{"line":43,"column":18},"end":{"line":43,"column":91}},"8":{"start":{"line":45,"column":4},"end":{"line":45,"column":44}},"9":{"start":{"line":51,"column":2},"end":{"line":55,"column":3}},"10":{"start":{"line":60,"column":2},"end":{"line":67,"column":3}}},"fnMap":{"0":{"name":"(anonymous_0)","decl":{"start":{"line":15,"column":2},"end":{"line":15,"column":3}},"loc":{"start":{"line":15,"column":11},"end":{"line":28,"column":3}},"line":15},"1":{"name":"(anonymous_1)","decl":{"start":{"line":19,"column":11},"end":{"line":19,"column":12}},"loc":{"start":{"line":19,"column":17},"end":{"line":27,"column":5}},"line":19},"2":{"name":"randerHeader","decl":{"start":{"line":32,"column":9},"end":{"line":32,"column":21}},"loc":{"start":{"line":32,"column":80},"end":{"line":47,"column":1}},"line":32},"3":{"name":"(anonymous_3)","decl":{"start":{"line":37,"column":25},"end":{"line":37,"column":26}},"loc":{"start":{"line":37,"column":35},"end":{"line":46,"column":3}},"line":37},"4":{"name":"randerIndex","decl":{"start":{"line":50,"column":9},"end":{"line":50,"column":20}},"loc":{"start":{"line":50,"column":24},"end":{"line":56,"column":1}},"line":50},"5":{"name":"randerHeaderCell","decl":{"start":{"line":59,"column":9},"end":{"line":59,"column":25}},"loc":{"start":{"line":59,"column":75},"end":{"line":68,"column":1}},"line":59}},"branchMap":{"0":{"loc":{"start":{"line":39,"column":4},"end":{"line":41,"column":5}},"type":"if","locations":[{"start":{"line":39,"column":4},"end":{"line":41,"column":5}},{"start":{"line":39,"column":4},"end":{"line":41,"column":5}}],"line":39},"1":{"loc":{"start":{"line":43,"column":18},"end":{"line":43,"column":91}},"type":"cond-expr","locations":[{"start":{"line":43,"column":43},"end":{"line":43,"column":67}},{"start":{"line":43,"column":71},"end":{"line":43,"column":90}}],"line":43},"2":{"loc":{"start":{"line":43,"column":71},"end":{"line":43,"column":90}},"type":"binary-expr","locations":[{"start":{"line":43,"column":71},"end":{"line":43,"column":83}},{"start":{"line":43,"column":87},"end":{"line":43,"column":90}}],"line":43},"3":{"loc":{"start":{"line":64,"column":9},"end":{"line":64,"column":90}},"type":"binary-expr","locations":[{"start":{"line":64,"column":9},"end":{"line":64,"column":24}},{"start":{"line":64,"column":28},"end":{"line":64,"column":90}}],"line":64}},"s":{"0":5,"1":5,"2":5,"3":5,"4":5,"5":12,"6":3,"7":9,"8":9,"9":3,"10":9},"f":{"0":5,"1":5,"2":5,"3":12,"4":3,"5":9},"b":{"0":[3,9],"1":[1,8],"2":[8,3],"3":[9,6]},"_coverageSchema":"1a1c01bbd47fc00a2c39e90264f33305004495a9","hash":"75ebde746f34f817d95f0b5148d2c1b897f066af"}
,"F:\\soft\\progrmmingsoftware\\WebStrom\\progrom\\progrom\\code-table\\code-testing\\src\\table\\hooks\\use-data-source.tsx": {"path":"F:\\soft\\progrmmingsoftware\\WebStrom\\progrom\\progrom\\code-table\\code-testing\\src\\table\\hooks\\use-data-source.tsx","statementMap":{"0":{"start":{"line":11,"column":21},"end":{"line":11,"column":31}},"1":{"start":{"line":15,"column":26},"end":{"line":26,"column":6}},"2":{"start":{"line":16,"column":25},"end":{"line":16,"column":42}},"3":{"start":{"line":17,"column":6},"end":{"line":19,"column":7}},"4":{"start":{"line":18,"column":8},"end":{"line":18,"column":82}},"5":{"start":{"line":18,"column":41},"end":{"line":18,"column":81}},"6":{"start":{"line":21,"column":6},"end":{"line":23,"column":7}},"7":{"start":{"line":22,"column":8},"end":{"line":22,"column":163}},"8":{"start":{"line":24,"column":6},"end":{"line":24,"column":25}},"9":{"start":{"line":30,"column":4},"end":{"line":32,"column":5}}},"fnMap":{"0":{"name":"useDataSource","decl":{"start":{"line":5,"column":16},"end":{"line":5,"column":29}},"loc":{"start":{"line":5,"column":149},"end":{"line":33,"column":3}},"line":5},"1":{"name":"(anonymous_1)","decl":{"start":{"line":15,"column":35},"end":{"line":15,"column":36}},"loc":{"start":{"line":15,"column":41},"end":{"line":26,"column":5}},"line":15},"2":{"name":"(anonymous_2)","decl":{"start":{"line":18,"column":26},"end":{"line":18,"column":27}},"loc":{"start":{"line":18,"column":41},"end":{"line":18,"column":81}},"line":18}},"branchMap":{"0":{"loc":{"start":{"line":17,"column":6},"end":{"line":19,"column":7}},"type":"if","locations":[{"start":{"line":17,"column":6},"end":{"line":19,"column":7}},{"start":{"line":17,"column":6},"end":{"line":19,"column":7}}],"line":17},"1":{"loc":{"start":{"line":21,"column":6},"end":{"line":23,"column":7}},"type":"if","locations":[{"start":{"line":21,"column":6},"end":{"line":23,"column":7}},{"start":{"line":21,"column":6},"end":{"line":23,"column":7}}],"line":21}},"s":{"0":6,"1":6,"2":7,"3":7,"4":7,"5":8,"6":7,"7":6,"8":1,"9":6},"f":{"0":6,"1":7,"2":8},"b":{"0":[7,0],"1":[6,1]},"_coverageSchema":"1a1c01bbd47fc00a2c39e90264f33305004495a9","hash":"280cfb5a34eea1789f30e86443ca71cb0ff4b1c9"}
,"F:\\soft\\progrmmingsoftware\\WebStrom\\progrom\\progrom\\code-table\\code-testing\\src\\table\\hooks\\use-pagination.tsx": {"path":"F:\\soft\\progrmmingsoftware\\WebStrom\\progrom\\progrom\\code-table\\code-testing\\src\\table\\hooks\\use-pagination.tsx","statementMap":{"0":{"start":{"line":9,"column":52},"end":{"line":12,"column":6}},"1":{"start":{"line":15,"column":36},"end":{"line":17,"column":5}},"2":{"start":{"line":16,"column":6},"end":{"line":16,"column":53}},"3":{"start":{"line":20,"column":35},"end":{"line":22,"column":6}},"4":{"start":{"line":21,"column":6},"end":{"line":21,"column":36}},"5":{"start":{"line":24,"column":4},"end":{"line":27,"column":5}}},"fnMap":{"0":{"name":"usePagination","decl":{"start":{"line":6,"column":16},"end":{"line":6,"column":29}},"loc":{"start":{"line":6,"column":59},"end":{"line":29,"column":3}},"line":6},"1":{"name":"(anonymous_1)","decl":{"start":{"line":15,"column":36},"end":{"line":15,"column":37}},"loc":{"start":{"line":15,"column":81},"end":{"line":17,"column":5}},"line":15},"2":{"name":"(anonymous_2)","decl":{"start":{"line":20,"column":44},"end":{"line":20,"column":45}},"loc":{"start":{"line":20,"column":50},"end":{"line":22,"column":5}},"line":20}},"branchMap":{"0":{"loc":{"start":{"line":10,"column":12},"end":{"line":10,"column":45}},"type":"binary-expr","locations":[{"start":{"line":10,"column":12},"end":{"line":10,"column":40}},{"start":{"line":10,"column":44},"end":{"line":10,"column":45}}],"line":10},"1":{"loc":{"start":{"line":11,"column":12},"end":{"line":11,"column":46}},"type":"binary-expr","locations":[{"start":{"line":11,"column":12},"end":{"line":11,"column":40}},{"start":{"line":11,"column":44},"end":{"line":11,"column":46}}],"line":11}},"s":{"0":6,"1":6,"2":0,"3":6,"4":6,"5":6},"f":{"0":6,"1":0,"2":6},"b":{"0":[6,0],"1":[6,0]},"_coverageSchema":"1a1c01bbd47fc00a2c39e90264f33305004495a9","hash":"d184cecc633dff74ad324e28ab129b914658d034"}
,"F:\\soft\\progrmmingsoftware\\WebStrom\\progrom\\progrom\\code-table\\code-testing\\src\\table\\hooks\\use-sort.tsx": {"path":"F:\\soft\\progrmmingsoftware\\WebStrom\\progrom\\progrom\\code-table\\code-testing\\src\\table\\hooks\\use-sort.tsx","statementMap":{"0":{"start":{"line":13,"column":23},"end":{"line":13,"column":79}},"1":{"start":{"line":17,"column":40},"end":{"line":21,"column":4}},"2":{"start":{"line":18,"column":46},"end":{"line":18,"column":57}},"3":{"start":{"line":23,"column":19},"end":{"line":25,"column":4}},"4":{"start":{"line":24,"column":4},"end":{"line":24,"column":72}},"5":{"start":{"line":28,"column":28},"end":{"line":35,"column":3}},"6":{"start":{"line":32,"column":4},"end":{"line":32,"column":49}},"7":{"start":{"line":33,"column":4},"end":{"line":33,"column":197}},"8":{"start":{"line":33,"column":156},"end":{"line":33,"column":197}},"9":{"start":{"line":34,"column":4},"end":{"line":34,"column":35}},"10":{"start":{"line":38,"column":25},"end":{"line":63,"column":3}},"11":{"start":{"line":44,"column":24},"end":{"line":44,"column":103}},"12":{"start":{"line":44,"column":82},"end":{"line":44,"column":103}},"13":{"start":{"line":47,"column":25},"end":{"line":47,"column":105}},"14":{"start":{"line":50,"column":18},"end":{"line":50,"column":51}},"15":{"start":{"line":53,"column":22},"end":{"line":53,"column":79}},"16":{"start":{"line":56,"column":4},"end":{"line":59,"column":5}},"17":{"start":{"line":58,"column":6},"end":{"line":58,"column":28}},"18":{"start":{"line":61,"column":4},"end":{"line":61,"column":53}},"19":{"start":{"line":66,"column":27},"end":{"line":68,"column":4}},"20":{"start":{"line":67,"column":4},"end":{"line":67,"column":28}},"21":{"start":{"line":70,"column":2},"end":{"line":73,"column":3}}},"fnMap":{"0":{"name":"useSort","decl":{"start":{"line":10,"column":16},"end":{"line":10,"column":23}},"loc":{"start":{"line":10,"column":26},"end":{"line":75,"column":1}},"line":10},"1":{"name":"(anonymous_1)","decl":{"start":{"line":18,"column":14},"end":{"line":18,"column":15}},"loc":{"start":{"line":18,"column":46},"end":{"line":18,"column":57}},"line":18},"2":{"name":"(anonymous_2)","decl":{"start":{"line":23,"column":28},"end":{"line":23,"column":29}},"loc":{"start":{"line":23,"column":34},"end":{"line":25,"column":3}},"line":23},"3":{"name":"(anonymous_3)","decl":{"start":{"line":28,"column":28},"end":{"line":28,"column":29}},"loc":{"start":{"line":28,"column":95},"end":{"line":35,"column":3}},"line":28},"4":{"name":"(anonymous_4)","decl":{"start":{"line":33,"column":98},"end":{"line":33,"column":99}},"loc":{"start":{"line":33,"column":156},"end":{"line":33,"column":197}},"line":33},"5":{"name":"(anonymous_5)","decl":{"start":{"line":38,"column":25},"end":{"line":38,"column":26}},"loc":{"start":{"line":38,"column":72},"end":{"line":63,"column":3}},"line":38},"6":{"name":"(anonymous_6)","decl":{"start":{"line":44,"column":24},"end":{"line":44,"column":25}},"loc":{"start":{"line":44,"column":82},"end":{"line":44,"column":103}},"line":44},"7":{"name":"(anonymous_7)","decl":{"start":{"line":66,"column":36},"end":{"line":66,"column":37}},"loc":{"start":{"line":66,"column":40},"end":{"line":68,"column":3}},"line":66}},"branchMap":{"0":{"loc":{"start":{"line":24,"column":11},"end":{"line":24,"column":72}},"type":"cond-expr","locations":[{"start":{"line":24,"column":66},"end":{"line":24,"column":68}},{"start":{"line":24,"column":71},"end":{"line":24,"column":72}}],"line":24},"1":{"loc":{"start":{"line":33,"column":33},"end":{"line":33,"column":197}},"type":"cond-expr","locations":[{"start":{"line":33,"column":91},"end":{"line":33,"column":95}},{"start":{"line":33,"column":98},"end":{"line":33,"column":197}}],"line":33},"2":{"loc":{"start":{"line":47,"column":25},"end":{"line":47,"column":105}},"type":"cond-expr","locations":[{"start":{"line":47,"column":76},"end":{"line":47,"column":91}},{"start":{"line":47,"column":94},"end":{"line":47,"column":105}}],"line":47},"3":{"loc":{"start":{"line":47,"column":26},"end":{"line":47,"column":72}},"type":"binary-expr","locations":[{"start":{"line":47,"column":26},"end":{"line":47,"column":41}},{"start":{"line":47,"column":45},"end":{"line":47,"column":72}}],"line":47},"4":{"loc":{"start":{"line":50,"column":18},"end":{"line":50,"column":51}},"type":"binary-expr","locations":[{"start":{"line":50,"column":18},"end":{"line":50,"column":34}},{"start":{"line":50,"column":39},"end":{"line":50,"column":51}}],"line":50},"5":{"loc":{"start":{"line":56,"column":4},"end":{"line":59,"column":5}},"type":"if","locations":[{"start":{"line":56,"column":4},"end":{"line":59,"column":5}},{"start":{"line":56,"column":4},"end":{"line":59,"column":5}}],"line":56}},"s":{"0":6,"1":6,"2":6,"3":6,"4":1,"5":6,"6":1,"7":1,"8":2,"9":1,"10":6,"11":1,"12":2,"13":1,"14":1,"15":1,"16":1,"17":1,"18":1,"19":6,"20":6,"21":6},"f":{"0":6,"1":6,"2":1,"3":1,"4":2,"5":1,"6":2,"7":6},"b":{"0":[1,0],"1":[0,1],"2":[0,1],"3":[1,0],"4":[1,1],"5":[1,0]},"_coverageSchema":"1a1c01bbd47fc00a2c39e90264f33305004495a9","hash":"f3162ef503c738c23292c23e18e7cfa736642a2a"}
,"F:\\soft\\progrmmingsoftware\\WebStrom\\progrom\\progrom\\code-table\\code-testing\\src\\table\\pagination\\index.tsx": {"path":"F:\\soft\\progrmmingsoftware\\WebStrom\\progrom\\progrom\\code-table\\code-testing\\src\\table\\pagination\\index.tsx","statementMap":{"0":{"start":{"line":11,"column":19},"end":{"line":11,"column":43}},"1":{"start":{"line":12,"column":69},"end":{"line":12,"column":91}},"2":{"start":{"line":13,"column":25},"end":{"line":13,"column":63}},"3":{"start":{"line":14,"column":25},"end":{"line":14,"column":63}},"4":{"start":{"line":17,"column":19},"end":{"line":19,"column":6}},"5":{"start":{"line":18,"column":6},"end":{"line":18,"column":64}},"6":{"start":{"line":21,"column":31},"end":{"line":24,"column":5}},"7":{"start":{"line":22,"column":6},"end":{"line":22,"column":59}},"8":{"start":{"line":26,"column":31},"end":{"line":29,"column":5}},"9":{"start":{"line":27,"column":6},"end":{"line":27,"column":59}},"10":{"start":{"line":31,"column":4},"end":{"line":40,"column":6}},"11":{"start":{"line":31,"column":16},"end":{"line":31,"column":36}},"12":{"start":{"line":33,"column":6},"end":{"line":35,"column":7}},"13":{"start":{"line":34,"column":8},"end":{"line":34,"column":32}},"14":{"start":{"line":36,"column":6},"end":{"line":39,"column":8}},"15":{"start":{"line":42,"column":4},"end":{"line":47,"column":6}},"16":{"start":{"line":42,"column":16},"end":{"line":42,"column":36}},"17":{"start":{"line":43,"column":6},"end":{"line":46,"column":8}},"18":{"start":{"line":52,"column":4},"end":{"line":90,"column":5}},"19":{"start":{"line":53,"column":30},"end":{"line":55,"column":8}},"20":{"start":{"line":54,"column":8},"end":{"line":54,"column":54}},"21":{"start":{"line":57,"column":30},"end":{"line":57,"column":32}},"22":{"start":{"line":58,"column":6},"end":{"line":64,"column":7}},"23":{"start":{"line":58,"column":23},"end":{"line":58,"column":24}},"24":{"start":{"line":60,"column":8},"end":{"line":62,"column":9}},"25":{"start":{"line":66,"column":6},"end":{"line":89,"column":7}}},"fnMap":{"0":{"name":"(anonymous_0)","decl":{"start":{"line":7,"column":2},"end":{"line":7,"column":3}},"loc":{"start":{"line":7,"column":10},"end":{"line":91,"column":3}},"line":7},"1":{"name":"(anonymous_1)","decl":{"start":{"line":17,"column":28},"end":{"line":17,"column":29}},"loc":{"start":{"line":17,"column":34},"end":{"line":19,"column":5}},"line":17},"2":{"name":"(anonymous_2)","decl":{"start":{"line":21,"column":31},"end":{"line":21,"column":32}},"loc":{"start":{"line":21,"column":45},"end":{"line":24,"column":5}},"line":21},"3":{"name":"(anonymous_3)","decl":{"start":{"line":26,"column":31},"end":{"line":26,"column":32}},"loc":{"start":{"line":26,"column":45},"end":{"line":29,"column":5}},"line":26},"4":{"name":"(anonymous_4)","decl":{"start":{"line":31,"column":10},"end":{"line":31,"column":11}},"loc":{"start":{"line":31,"column":16},"end":{"line":31,"column":36}},"line":31},"5":{"name":"(anonymous_5)","decl":{"start":{"line":31,"column":38},"end":{"line":31,"column":39}},"loc":{"start":{"line":31,"column":52},"end":{"line":40,"column":5}},"line":31},"6":{"name":"(anonymous_6)","decl":{"start":{"line":42,"column":10},"end":{"line":42,"column":11}},"loc":{"start":{"line":42,"column":16},"end":{"line":42,"column":36}},"line":42},"7":{"name":"(anonymous_7)","decl":{"start":{"line":42,"column":38},"end":{"line":42,"column":39}},"loc":{"start":{"line":42,"column":52},"end":{"line":47,"column":5}},"line":42},"8":{"name":"(anonymous_8)","decl":{"start":{"line":52,"column":11},"end":{"line":52,"column":12}},"loc":{"start":{"line":52,"column":17},"end":{"line":90,"column":5}},"line":52},"9":{"name":"(anonymous_9)","decl":{"start":{"line":53,"column":43},"end":{"line":53,"column":44}},"loc":{"start":{"line":53,"column":53},"end":{"line":55,"column":7}},"line":53}},"branchMap":{"0":{"loc":{"start":{"line":22,"column":36},"end":{"line":22,"column":57}},"type":"binary-expr","locations":[{"start":{"line":22,"column":36},"end":{"line":22,"column":51}},{"start":{"line":22,"column":55},"end":{"line":22,"column":57}}],"line":22},"1":{"loc":{"start":{"line":27,"column":36},"end":{"line":27,"column":56}},"type":"binary-expr","locations":[{"start":{"line":27,"column":36},"end":{"line":27,"column":51}},{"start":{"line":27,"column":55},"end":{"line":27,"column":56}}],"line":27},"2":{"loc":{"start":{"line":33,"column":6},"end":{"line":35,"column":7}},"type":"if","locations":[{"start":{"line":33,"column":6},"end":{"line":35,"column":7}},{"start":{"line":33,"column":6},"end":{"line":35,"column":7}}],"line":33}},"s":{"0":5,"1":5,"2":5,"3":5,"4":5,"5":8,"6":5,"7":2,"8":5,"9":2,"10":5,"11":5,"12":0,"13":0,"14":0,"15":5,"16":5,"17":0,"18":5,"19":8,"20":32,"21":8,"22":8,"23":8,"24":6,"25":8},"f":{"0":5,"1":8,"2":2,"3":2,"4":5,"5":0,"6":5,"7":0,"8":8,"9":32},"b":{"0":[2,0],"1":[2,0],"2":[0,0]},"_coverageSchema":"1a1c01bbd47fc00a2c39e90264f33305004495a9","hash":"d5b5394a3f7ef3d17d7691da01a40e435f4386c2"}
,"F:\\soft\\progrmmingsoftware\\WebStrom\\progrom\\progrom\\code-table\\code-testing\\src\\table\\sort-button\\arrow-down.tsx": {"path":"F:\\soft\\progrmmingsoftware\\WebStrom\\progrom\\progrom\\code-table\\code-testing\\src\\table\\sort-button\\arrow-down.tsx","statementMap":{"0":{"start":{"line":6,"column":4},"end":{"line":14,"column":5}}},"fnMap":{"0":{"name":"(anonymous_0)","decl":{"start":{"line":5,"column":2},"end":{"line":5,"column":3}},"loc":{"start":{"line":5,"column":12},"end":{"line":15,"column":3}},"line":5}},"branchMap":{},"s":{"0":6},"f":{"0":6},"b":{},"_coverageSchema":"1a1c01bbd47fc00a2c39e90264f33305004495a9","hash":"6427711dfe262fcd50c640090815e7b860be92ba"}
,"F:\\soft\\progrmmingsoftware\\WebStrom\\progrom\\progrom\\code-table\\code-testing\\src\\table\\sort-button\\index.tsx": {"path":"F:\\soft\\progrmmingsoftware\\WebStrom\\progrom\\progrom\\code-table\\code-testing\\src\\table\\sort-button\\index.tsx","statementMap":{"0":{"start":{"line":21,"column":48},"end":{"line":21,"column":70}},"1":{"start":{"line":22,"column":24},"end":{"line":22,"column":48}},"2":{"start":{"line":24,"column":4},"end":{"line":32,"column":6}},"3":{"start":{"line":24,"column":17},"end":{"line":24,"column":47}},"4":{"start":{"line":24,"column":55},"end":{"line":24,"column":91}},"5":{"start":{"line":27,"column":6},"end":{"line":31,"column":7}},"6":{"start":{"line":28,"column":8},"end":{"line":28,"column":49}},"7":{"start":{"line":30,"column":8},"end":{"line":30,"column":66}},"8":{"start":{"line":35,"column":19},"end":{"line":37,"column":5}},"9":{"start":{"line":36,"column":6},"end":{"line":36,"column":51}},"10":{"start":{"line":39,"column":4},"end":{"line":45,"column":5}},"11":{"start":{"line":40,"column":6},"end":{"line":44,"column":7}}},"fnMap":{"0":{"name":"(anonymous_0)","decl":{"start":{"line":20,"column":2},"end":{"line":20,"column":3}},"loc":{"start":{"line":20,"column":15},"end":{"line":46,"column":3}},"line":20},"1":{"name":"(anonymous_1)","decl":{"start":{"line":24,"column":11},"end":{"line":24,"column":12}},"loc":{"start":{"line":24,"column":17},"end":{"line":24,"column":47}},"line":24},"2":{"name":"(anonymous_2)","decl":{"start":{"line":24,"column":49},"end":{"line":24,"column":50}},"loc":{"start":{"line":24,"column":55},"end":{"line":24,"column":91}},"line":24},"3":{"name":"(anonymous_3)","decl":{"start":{"line":24,"column":94},"end":{"line":24,"column":95}},"loc":{"start":{"line":24,"column":100},"end":{"line":32,"column":5}},"line":24},"4":{"name":"(anonymous_4)","decl":{"start":{"line":35,"column":19},"end":{"line":35,"column":20}},"loc":{"start":{"line":35,"column":25},"end":{"line":37,"column":5}},"line":35},"5":{"name":"(anonymous_5)","decl":{"start":{"line":39,"column":11},"end":{"line":39,"column":12}},"loc":{"start":{"line":39,"column":17},"end":{"line":45,"column":5}},"line":39}},"branchMap":{"0":{"loc":{"start":{"line":27,"column":6},"end":{"line":31,"column":7}},"type":"if","locations":[{"start":{"line":27,"column":6},"end":{"line":31,"column":7}},{"start":{"line":27,"column":6},"end":{"line":31,"column":7}}],"line":27}},"s":{"0":6,"1":6,"2":6,"3":8,"4":8,"5":2,"6":1,"7":1,"8":6,"9":1,"10":6,"11":7},"f":{"0":6,"1":8,"2":8,"3":2,"4":1,"5":7},"b":{"0":[1,1]},"_coverageSchema":"1a1c01bbd47fc00a2c39e90264f33305004495a9","hash":"c0241f35b4d370f1c7c60c7cf198a70910571e0f"}
}
