{"F:\\soft\\progrmmingsoftware\\WebStrom\\progrom\\progrom\\code-table\\code-testing\\src\\table\\fj-table.tsx": {"path":"F:\\soft\\progrmmingsoftware\\WebStrom\\progrom\\progrom\\code-table\\code-testing\\src\\table\\fj-table.tsx","statementMap":{"0":{"start":{"line":18,"column":21},"end":{"line":18,"column":36}},"1":{"start":{"line":19,"column":23},"end":{"line":19,"column":46}},"2":{"start":{"line":20,"column":23},"end":{"line":20,"column":44}},"3":{"start":{"line":21,"column":27},"end":{"line":21,"column":52}},"4":{"start":{"line":23,"column":16},"end":{"line":25,"column":6}},"5":{"start":{"line":24,"column":6},"end":{"line":24,"column":31}},"6":{"start":{"line":27,"column":58},"end":{"line":27,"column":73}},"7":{"start":{"line":28,"column":42},"end":{"line":28,"column":51}},"8":{"start":{"line":29,"column":30},"end":{"line":29,"column":103}},"9":{"start":{"line":31,"column":4},"end":{"line":41,"column":6}},"10":{"start":{"line":43,"column":4},"end":{"line":51,"column":5}},"11":{"start":{"line":44,"column":6},"end":{"line":50,"column":7}}},"fnMap":{"0":{"name":"(anonymous_0)","decl":{"start":{"line":15,"column":2},"end":{"line":15,"column":3}},"loc":{"start":{"line":15,"column":24},"end":{"line":52,"column":3}},"line":15},"1":{"name":"(anonymous_1)","decl":{"start":{"line":23,"column":25},"end":{"line":23,"column":26}},"loc":{"start":{"line":23,"column":30},"end":{"line":25,"column":5}},"line":23},"2":{"name":"(anonymous_2)","decl":{"start":{"line":43,"column":11},"end":{"line":43,"column":12}},"loc":{"start":{"line":43,"column":17},"end":{"line":51,"column":5}},"line":43}},"branchMap":{"0":{"loc":{"start":{"line":48,"column":11},"end":{"line":48,"column":50}},"type":"binary-expr","locations":[{"start":{"line":48,"column":11},"end":{"line":48,"column":32}},{"start":{"line":48,"column":36},"end":{"line":48,"column":50}}],"line":48}},"s":{"0":4,"1":4,"2":4,"3":4,"4":4,"5":3,"6":4,"7":4,"8":4,"9":4,"10":4,"11":4},"f":{"0":4,"1":3,"2":4},"b":{"0":[4,3]},"_coverageSchema":"1a1c01bbd47fc00a2c39e90264f33305004495a9","hash":"e422673ce512955a6f8a89415569bce9f881ab2b"}
,"F:\\soft\\progrmmingsoftware\\WebStrom\\progrom\\progrom\\code-table\\code-testing\\src\\table\\index.ts": {"path":"F:\\soft\\progrmmingsoftware\\WebStrom\\progrom\\progrom\\code-table\\code-testing\\src\\table\\index.ts","statementMap":{},"fnMap":{},"branchMap":{},"s":{},"f":{},"b":{},"_coverageSchema":"1a1c01bbd47fc00a2c39e90264f33305004495a9","hash":"2b6322f64db6d8be66c5ab3d2bcda93bac95bf00"}
,"F:\\soft\\progrmmingsoftware\\WebStrom\\progrom\\progrom\\code-table\\code-testing\\src\\table\\table.tsx": {"path":"F:\\soft\\progrmmingsoftware\\WebStrom\\progrom\\progrom\\code-table\\code-testing\\src\\table\\table.tsx","statementMap":{"0":{"start":{"line":13,"column":28},"end":{"line":13,"column":50}},"1":{"start":{"line":14,"column":4},"end":{"line":24,"column":5}},"2":{"start":{"line":15,"column":6},"end":{"line":23,"column":7}}},"fnMap":{"0":{"name":"(anonymous_0)","decl":{"start":{"line":11,"column":2},"end":{"line":11,"column":3}},"loc":{"start":{"line":11,"column":24},"end":{"line":26,"column":3}},"line":11},"1":{"name":"(anonymous_1)","decl":{"start":{"line":14,"column":11},"end":{"line":14,"column":12}},"loc":{"start":{"line":14,"column":17},"end":{"line":24,"column":5}},"line":14}},"branchMap":{"0":{"loc":{"start":{"line":19,"column":16},"end":{"line":19,"column":53}},"type":"binary-expr","locations":[{"start":{"line":19,"column":16},"end":{"line":19,"column":33}},{"start":{"line":19,"column":37},"end":{"line":19,"column":53}}],"line":19}},"s":{"0":4,"1":4,"2":4},"f":{"0":4,"1":4},"b":{"0":[4,4]},"_coverageSchema":"1a1c01bbd47fc00a2c39e90264f33305004495a9","hash":"d9ddd2251095509ca87aa619d81baf5122ed545b"}
,"F:\\soft\\progrmmingsoftware\\WebStrom\\progrom\\progrom\\code-table\\code-testing\\src\\table\\types.ts": {"path":"F:\\soft\\progrmmingsoftware\\WebStrom\\progrom\\progrom\\code-table\\code-testing\\src\\table\\types.ts","statementMap":{"0":{"start":{"line":33,"column":26},"end":{"line":51,"column":1}},"1":{"start":{"line":36,"column":43},"end":{"line":36,"column":45}},"2":{"start":{"line":40,"column":43},"end":{"line":40,"column":45}}},"fnMap":{"0":{"name":"(anonymous_0)","decl":{"start":{"line":36,"column":13},"end":{"line":36,"column":14}},"loc":{"start":{"line":36,"column":43},"end":{"line":36,"column":45}},"line":36},"1":{"name":"(anonymous_1)","decl":{"start":{"line":40,"column":13},"end":{"line":40,"column":14}},"loc":{"start":{"line":40,"column":43},"end":{"line":40,"column":45}},"line":40}},"branchMap":{},"s":{"0":1,"1":3,"2":3},"f":{"0":3,"1":3},"b":{},"_coverageSchema":"1a1c01bbd47fc00a2c39e90264f33305004495a9","hash":"ad81e948803c2995cd0b3c386a1ad209d1be9326"}
,"F:\\soft\\progrmmingsoftware\\WebStrom\\progrom\\progrom\\code-table\\code-testing\\src\\table\\body\\table-body.tsx": {"path":"F:\\soft\\progrmmingsoftware\\WebStrom\\progrom\\progrom\\code-table\\code-testing\\src\\table\\body\\table-body.tsx","statementMap":{"0":{"start":{"line":14,"column":63},"end":{"line":14,"column":85}},"1":{"start":{"line":16,"column":4},"end":{"line":21,"column":5}},"2":{"start":{"line":17,"column":20},"end":{"line":17,"column":99}},"3":{"start":{"line":18,"column":6},"end":{"line":20,"column":7}},"4":{"start":{"line":27,"column":2},"end":{"line":34,"column":4}},"5":{"start":{"line":29,"column":22},"end":{"line":29,"column":78}},"6":{"start":{"line":31,"column":4},"end":{"line":33,"column":5}},"7":{"start":{"line":38,"column":2},"end":{"line":51,"column":5}},"8":{"start":{"line":41,"column":4},"end":{"line":43,"column":5}},"9":{"start":{"line":42,"column":6},"end":{"line":42,"column":53}},"10":{"start":{"line":46,"column":4},"end":{"line":48,"column":5}},"11":{"start":{"line":47,"column":6},"end":{"line":47,"column":52}},"12":{"start":{"line":49,"column":4},"end":{"line":49,"column":47}},"13":{"start":{"line":56,"column":2},"end":{"line":56,"column":108}},"14":{"start":{"line":61,"column":2},"end":{"line":61,"column":47}}},"fnMap":{"0":{"name":"(anonymous_0)","decl":{"start":{"line":13,"column":2},"end":{"line":13,"column":3}},"loc":{"start":{"line":13,"column":10},"end":{"line":22,"column":3}},"line":13},"1":{"name":"(anonymous_1)","decl":{"start":{"line":16,"column":11},"end":{"line":16,"column":12}},"loc":{"start":{"line":16,"column":17},"end":{"line":21,"column":5}},"line":16},"2":{"name":"randerColumnsList","decl":{"start":{"line":26,"column":9},"end":{"line":26,"column":26}},"loc":{"start":{"line":26,"column":109},"end":{"line":35,"column":1}},"line":26},"3":{"name":"(anonymous_3)","decl":{"start":{"line":27,"column":23},"end":{"line":27,"column":24}},"loc":{"start":{"line":27,"column":42},"end":{"line":34,"column":3}},"line":27},"4":{"name":"randerColumns","decl":{"start":{"line":37,"column":9},"end":{"line":37,"column":22}},"loc":{"start":{"line":37,"column":130},"end":{"line":52,"column":1}},"line":37},"5":{"name":"(anonymous_5)","decl":{"start":{"line":38,"column":21},"end":{"line":38,"column":22}},"loc":{"start":{"line":38,"column":33},"end":{"line":51,"column":3}},"line":38},"6":{"name":"randerIndex","decl":{"start":{"line":55,"column":9},"end":{"line":55,"column":20}},"loc":{"start":{"line":55,"column":78},"end":{"line":57,"column":1}},"line":55},"7":{"name":"randerTableCell","decl":{"start":{"line":60,"column":9},"end":{"line":60,"column":24}},"loc":{"start":{"line":60,"column":62},"end":{"line":62,"column":1}},"line":60}},"branchMap":{"0":{"loc":{"start":{"line":41,"column":4},"end":{"line":43,"column":5}},"type":"if","locations":[{"start":{"line":41,"column":4},"end":{"line":43,"column":5}},{"start":{"line":41,"column":4},"end":{"line":43,"column":5}}],"line":41},"1":{"loc":{"start":{"line":46,"column":4},"end":{"line":48,"column":5}},"type":"if","locations":[{"start":{"line":46,"column":4},"end":{"line":48,"column":5}},{"start":{"line":46,"column":4},"end":{"line":48,"column":5}}],"line":46},"2":{"loc":{"start":{"line":46,"column":8},"end":{"line":46,"column":50}},"type":"binary-expr","locations":[{"start":{"line":46,"column":8},"end":{"line":46,"column":21}},{"start":{"line":46,"column":25},"end":{"line":46,"column":50}}],"line":46}},"s":{"0":4,"1":4,"2":4,"3":4,"4":4,"5":10,"6":10,"7":10,"8":40,"9":10,"10":30,"11":10,"12":20,"13":10,"14":30},"f":{"0":4,"1":4,"2":4,"3":10,"4":10,"5":40,"6":10,"7":30},"b":{"0":[10,30],"1":[10,20],"2":[30,10]},"_coverageSchema":"1a1c01bbd47fc00a2c39e90264f33305004495a9","hash":"e66131ec9e39c650a23d6d53a308a93bc1af7349"}
,"F:\\soft\\progrmmingsoftware\\WebStrom\\progrom\\progrom\\code-table\\code-testing\\src\\table\\body\\table-cell.tsx": {"path":"F:\\soft\\progrmmingsoftware\\WebStrom\\progrom\\progrom\\code-table\\code-testing\\src\\table\\body\\table-cell.tsx","statementMap":{"0":{"start":{"line":12,"column":4},"end":{"line":16,"column":5}},"1":{"start":{"line":13,"column":6},"end":{"line":15,"column":7}}},"fnMap":{"0":{"name":"(anonymous_0)","decl":{"start":{"line":10,"column":2},"end":{"line":10,"column":3}},"loc":{"start":{"line":10,"column":24},"end":{"line":17,"column":3}},"line":10},"1":{"name":"(anonymous_1)","decl":{"start":{"line":12,"column":11},"end":{"line":12,"column":12}},"loc":{"start":{"line":12,"column":17},"end":{"line":16,"column":5}},"line":12}},"branchMap":{},"s":{"0":40,"1":40},"f":{"0":40,"1":40},"b":{},"_coverageSchema":"1a1c01bbd47fc00a2c39e90264f33305004495a9","hash":"49e206aa51dc4c3118cf75bd249a3ee1b9a10694"}
,"F:\\soft\\progrmmingsoftware\\WebStrom\\progrom\\progrom\\code-table\\code-testing\\src\\table\\body\\table-row.tsx": {"path":"F:\\soft\\progrmmingsoftware\\WebStrom\\progrom\\progrom\\code-table\\code-testing\\src\\table\\body\\table-row.tsx","statementMap":{"0":{"start":{"line":12,"column":4},"end":{"line":17,"column":5}},"1":{"start":{"line":14,"column":6},"end":{"line":16,"column":7}}},"fnMap":{"0":{"name":"(anonymous_0)","decl":{"start":{"line":10,"column":2},"end":{"line":10,"column":3}},"loc":{"start":{"line":10,"column":26},"end":{"line":18,"column":3}},"line":10},"1":{"name":"(anonymous_1)","decl":{"start":{"line":12,"column":11},"end":{"line":12,"column":12}},"loc":{"start":{"line":12,"column":17},"end":{"line":17,"column":5}},"line":12}},"branchMap":{},"s":{"0":14,"1":14},"f":{"0":14,"1":14},"b":{},"_coverageSchema":"1a1c01bbd47fc00a2c39e90264f33305004495a9","hash":"f7724358e514aff464bb5de353afc2c3a77d3e8d"}
,"F:\\soft\\progrmmingsoftware\\WebStrom\\progrom\\progrom\\code-table\\code-testing\\src\\table\\css\\table.css": {"path":"F:\\soft\\progrmmingsoftware\\WebStrom\\progrom\\progrom\\code-table\\code-testing\\src\\table\\css\\table.css","statementMap":{"0":{"start":{"line":1,"column":0},"end":{"line":1,"column":19}}},"fnMap":{},"branchMap":{},"s":{"0":1},"f":{},"b":{},"_coverageSchema":"1a1c01bbd47fc00a2c39e90264f33305004495a9","hash":"d18aa23b578538904c88c3672212ed161f7cf995"}
,"F:\\soft\\progrmmingsoftware\\WebStrom\\progrom\\progrom\\code-table\\code-testing\\src\\table\\header\\header-cell.tsx": {"path":"F:\\soft\\progrmmingsoftware\\WebStrom\\progrom\\progrom\\code-table\\code-testing\\src\\table\\header\\header-cell.tsx","statementMap":{"0":{"start":{"line":9,"column":4},"end":{"line":13,"column":5}},"1":{"start":{"line":10,"column":6},"end":{"line":12,"column":7}}},"fnMap":{"0":{"name":"(anonymous_0)","decl":{"start":{"line":7,"column":2},"end":{"line":7,"column":3}},"loc":{"start":{"line":7,"column":24},"end":{"line":14,"column":3}},"line":7},"1":{"name":"(anonymous_1)","decl":{"start":{"line":9,"column":11},"end":{"line":9,"column":12}},"loc":{"start":{"line":9,"column":17},"end":{"line":13,"column":5}},"line":9}},"branchMap":{},"s":{"0":4,"1":4},"f":{"0":4,"1":4},"b":{},"_coverageSchema":"1a1c01bbd47fc00a2c39e90264f33305004495a9","hash":"1aa8c223256d40d619ffda7916c020a3379b93c7"}
,"F:\\soft\\progrmmingsoftware\\WebStrom\\progrom\\progrom\\code-table\\code-testing\\src\\table\\header\\table-header.tsx": {"path":"F:\\soft\\progrmmingsoftware\\WebStrom\\progrom\\progrom\\code-table\\code-testing\\src\\table\\header\\table-header.tsx","statementMap":{"0":{"start":{"line":17,"column":42},"end":{"line":17,"column":64}},"1":{"start":{"line":19,"column":4},"end":{"line":26,"column":5}},"2":{"start":{"line":20,"column":22},"end":{"line":20,"column":60}},"3":{"start":{"line":21,"column":6},"end":{"line":25,"column":7}},"4":{"start":{"line":32,"column":2},"end":{"line":43,"column":4}},"5":{"start":{"line":34,"column":4},"end":{"line":36,"column":5}},"6":{"start":{"line":35,"column":6},"end":{"line":35,"column":26}},"7":{"start":{"line":38,"column":4},"end":{"line":40,"column":5}},"8":{"start":{"line":39,"column":6},"end":{"line":39,"column":63}},"9":{"start":{"line":42,"column":4},"end":{"line":42,"column":35}},"10":{"start":{"line":48,"column":2},"end":{"line":52,"column":3}},"11":{"start":{"line":56,"column":2},"end":{"line":61,"column":3}},"12":{"start":{"line":66,"column":2},"end":{"line":73,"column":3}}},"fnMap":{"0":{"name":"(anonymous_0)","decl":{"start":{"line":15,"column":2},"end":{"line":15,"column":3}},"loc":{"start":{"line":15,"column":11},"end":{"line":27,"column":3}},"line":15},"1":{"name":"(anonymous_1)","decl":{"start":{"line":19,"column":11},"end":{"line":19,"column":12}},"loc":{"start":{"line":19,"column":17},"end":{"line":26,"column":5}},"line":19},"2":{"name":"randerHeader","decl":{"start":{"line":31,"column":9},"end":{"line":31,"column":21}},"loc":{"start":{"line":31,"column":80},"end":{"line":44,"column":1}},"line":31},"3":{"name":"(anonymous_3)","decl":{"start":{"line":32,"column":25},"end":{"line":32,"column":26}},"loc":{"start":{"line":32,"column":35},"end":{"line":43,"column":3}},"line":32},"4":{"name":"randerIndex","decl":{"start":{"line":47,"column":9},"end":{"line":47,"column":20}},"loc":{"start":{"line":47,"column":24},"end":{"line":53,"column":1}},"line":47},"5":{"name":"randerHeaderSlot","decl":{"start":{"line":55,"column":9},"end":{"line":55,"column":25}},"loc":{"start":{"line":55,"column":71},"end":{"line":62,"column":1}},"line":55},"6":{"name":"randerHeaderCell","decl":{"start":{"line":65,"column":9},"end":{"line":65,"column":25}},"loc":{"start":{"line":65,"column":44},"end":{"line":74,"column":1}},"line":65}},"branchMap":{"0":{"loc":{"start":{"line":34,"column":4},"end":{"line":36,"column":5}},"type":"if","locations":[{"start":{"line":34,"column":4},"end":{"line":36,"column":5}},{"start":{"line":34,"column":4},"end":{"line":36,"column":5}}],"line":34},"1":{"loc":{"start":{"line":38,"column":4},"end":{"line":40,"column":5}},"type":"if","locations":[{"start":{"line":38,"column":4},"end":{"line":40,"column":5}},{"start":{"line":38,"column":4},"end":{"line":40,"column":5}}],"line":38},"2":{"loc":{"start":{"line":59,"column":7},"end":{"line":59,"column":88}},"type":"binary-expr","locations":[{"start":{"line":59,"column":7},"end":{"line":59,"column":22}},{"start":{"line":59,"column":26},"end":{"line":59,"column":88}}],"line":59},"3":{"loc":{"start":{"line":69,"column":51},"end":{"line":69,"column":70}},"type":"binary-expr","locations":[{"start":{"line":69,"column":51},"end":{"line":69,"column":63}},{"start":{"line":69,"column":67},"end":{"line":69,"column":70}}],"line":69},"4":{"loc":{"start":{"line":70,"column":9},"end":{"line":70,"column":90}},"type":"binary-expr","locations":[{"start":{"line":70,"column":9},"end":{"line":70,"column":24}},{"start":{"line":70,"column":28},"end":{"line":70,"column":90}}],"line":70}},"s":{"0":4,"1":4,"2":4,"3":4,"4":4,"5":4,"6":1,"7":3,"8":1,"9":2,"10":1,"11":1,"12":2},"f":{"0":4,"1":4,"2":4,"3":4,"4":1,"5":1,"6":2},"b":{"0":[1,3],"1":[1,2],"2":[1,1],"3":[2,1],"4":[2,2]},"_coverageSchema":"1a1c01bbd47fc00a2c39e90264f33305004495a9","hash":"804d79ffa4d7e798747a187559cc816b675cd8ab"}
,"F:\\soft\\progrmmingsoftware\\WebStrom\\progrom\\progrom\\code-table\\code-testing\\src\\table\\hooks\\use-data-source.tsx": {"path":"F:\\soft\\progrmmingsoftware\\WebStrom\\progrom\\progrom\\code-table\\code-testing\\src\\table\\hooks\\use-data-source.tsx","statementMap":{"0":{"start":{"line":8,"column":26},"end":{"line":19,"column":6}},"1":{"start":{"line":9,"column":25},"end":{"line":9,"column":42}},"2":{"start":{"line":10,"column":6},"end":{"line":12,"column":7}},"3":{"start":{"line":11,"column":8},"end":{"line":11,"column":82}},"4":{"start":{"line":11,"column":41},"end":{"line":11,"column":81}},"5":{"start":{"line":14,"column":6},"end":{"line":16,"column":7}},"6":{"start":{"line":15,"column":8},"end":{"line":15,"column":163}},"7":{"start":{"line":17,"column":6},"end":{"line":17,"column":25}},"8":{"start":{"line":21,"column":4},"end":{"line":23,"column":5}}},"fnMap":{"0":{"name":"useDataSource","decl":{"start":{"line":5,"column":16},"end":{"line":5,"column":29}},"loc":{"start":{"line":5,"column":157},"end":{"line":24,"column":3}},"line":5},"1":{"name":"(anonymous_1)","decl":{"start":{"line":8,"column":35},"end":{"line":8,"column":36}},"loc":{"start":{"line":8,"column":41},"end":{"line":19,"column":5}},"line":8},"2":{"name":"(anonymous_2)","decl":{"start":{"line":11,"column":26},"end":{"line":11,"column":27}},"loc":{"start":{"line":11,"column":41},"end":{"line":11,"column":81}},"line":11}},"branchMap":{"0":{"loc":{"start":{"line":10,"column":6},"end":{"line":12,"column":7}},"type":"if","locations":[{"start":{"line":10,"column":6},"end":{"line":12,"column":7}},{"start":{"line":10,"column":6},"end":{"line":12,"column":7}}],"line":10},"1":{"loc":{"start":{"line":14,"column":6},"end":{"line":16,"column":7}},"type":"if","locations":[{"start":{"line":14,"column":6},"end":{"line":16,"column":7}},{"start":{"line":14,"column":6},"end":{"line":16,"column":7}}],"line":14}},"s":{"0":4,"1":4,"2":4,"3":4,"4":99,"5":4,"6":3,"7":1,"8":4},"f":{"0":4,"1":4,"2":99},"b":{"0":[4,0],"1":[3,1]},"_coverageSchema":"1a1c01bbd47fc00a2c39e90264f33305004495a9","hash":"311dfb6eb127713d27523946821feb79cd94a32d"}
,"F:\\soft\\progrmmingsoftware\\WebStrom\\progrom\\progrom\\code-table\\code-testing\\src\\table\\hooks\\use-pagination.tsx": {"path":"F:\\soft\\progrmmingsoftware\\WebStrom\\progrom\\progrom\\code-table\\code-testing\\src\\table\\hooks\\use-pagination.tsx","statementMap":{"0":{"start":{"line":8,"column":52},"end":{"line":11,"column":6}},"1":{"start":{"line":13,"column":36},"end":{"line":15,"column":5}},"2":{"start":{"line":14,"column":6},"end":{"line":14,"column":53}},"3":{"start":{"line":17,"column":4},"end":{"line":20,"column":5}}},"fnMap":{"0":{"name":"usePagination","decl":{"start":{"line":6,"column":16},"end":{"line":6,"column":29}},"loc":{"start":{"line":6,"column":33},"end":{"line":22,"column":3}},"line":6},"1":{"name":"(anonymous_1)","decl":{"start":{"line":13,"column":36},"end":{"line":13,"column":37}},"loc":{"start":{"line":13,"column":81},"end":{"line":15,"column":5}},"line":13}},"branchMap":{},"s":{"0":4,"1":4,"2":0,"3":4},"f":{"0":4,"1":0},"b":{},"_coverageSchema":"1a1c01bbd47fc00a2c39e90264f33305004495a9","hash":"219b55780234ab33da4a3e0051cd4ac942a90869"}
,"F:\\soft\\progrmmingsoftware\\WebStrom\\progrom\\progrom\\code-table\\code-testing\\src\\table\\hooks\\use-sort.tsx": {"path":"F:\\soft\\progrmmingsoftware\\WebStrom\\progrom\\progrom\\code-table\\code-testing\\src\\table\\hooks\\use-sort.tsx","statementMap":{"0":{"start":{"line":12,"column":23},"end":{"line":12,"column":79}},"1":{"start":{"line":15,"column":40},"end":{"line":19,"column":4}},"2":{"start":{"line":16,"column":46},"end":{"line":16,"column":57}},"3":{"start":{"line":21,"column":19},"end":{"line":23,"column":4}},"4":{"start":{"line":22,"column":4},"end":{"line":22,"column":72}},"5":{"start":{"line":27,"column":25},"end":{"line":43,"column":3}},"6":{"start":{"line":29,"column":24},"end":{"line":29,"column":103}},"7":{"start":{"line":29,"column":82},"end":{"line":29,"column":103}},"8":{"start":{"line":32,"column":25},"end":{"line":32,"column":105}},"9":{"start":{"line":35,"column":18},"end":{"line":35,"column":69}},"10":{"start":{"line":37,"column":24},"end":{"line":37,"column":156}},"11":{"start":{"line":39,"column":4},"end":{"line":39,"column":121}},"12":{"start":{"line":40,"column":4},"end":{"line":40,"column":197}},"13":{"start":{"line":40,"column":156},"end":{"line":40,"column":197}},"14":{"start":{"line":41,"column":4},"end":{"line":41,"column":35}},"15":{"start":{"line":45,"column":2},"end":{"line":48,"column":3}}},"fnMap":{"0":{"name":"useSort","decl":{"start":{"line":10,"column":16},"end":{"line":10,"column":23}},"loc":{"start":{"line":10,"column":26},"end":{"line":50,"column":1}},"line":10},"1":{"name":"(anonymous_1)","decl":{"start":{"line":16,"column":14},"end":{"line":16,"column":15}},"loc":{"start":{"line":16,"column":46},"end":{"line":16,"column":57}},"line":16},"2":{"name":"(anonymous_2)","decl":{"start":{"line":21,"column":28},"end":{"line":21,"column":29}},"loc":{"start":{"line":21,"column":34},"end":{"line":23,"column":3}},"line":21},"3":{"name":"(anonymous_3)","decl":{"start":{"line":27,"column":25},"end":{"line":27,"column":26}},"loc":{"start":{"line":27,"column":72},"end":{"line":43,"column":3}},"line":27},"4":{"name":"(anonymous_4)","decl":{"start":{"line":29,"column":24},"end":{"line":29,"column":25}},"loc":{"start":{"line":29,"column":82},"end":{"line":29,"column":103}},"line":29},"5":{"name":"(anonymous_5)","decl":{"start":{"line":40,"column":98},"end":{"line":40,"column":99}},"loc":{"start":{"line":40,"column":156},"end":{"line":40,"column":197}},"line":40}},"branchMap":{"0":{"loc":{"start":{"line":22,"column":11},"end":{"line":22,"column":72}},"type":"cond-expr","locations":[{"start":{"line":22,"column":66},"end":{"line":22,"column":68}},{"start":{"line":22,"column":71},"end":{"line":22,"column":72}}],"line":22},"1":{"loc":{"start":{"line":32,"column":25},"end":{"line":32,"column":105}},"type":"cond-expr","locations":[{"start":{"line":32,"column":76},"end":{"line":32,"column":91}},{"start":{"line":32,"column":94},"end":{"line":32,"column":105}}],"line":32},"2":{"loc":{"start":{"line":32,"column":26},"end":{"line":32,"column":72}},"type":"binary-expr","locations":[{"start":{"line":32,"column":26},"end":{"line":32,"column":41}},{"start":{"line":32,"column":45},"end":{"line":32,"column":72}}],"line":32},"3":{"loc":{"start":{"line":35,"column":18},"end":{"line":35,"column":69}},"type":"cond-expr","locations":[{"start":{"line":35,"column":38},"end":{"line":35,"column":54}},{"start":{"line":35,"column":57},"end":{"line":35,"column":69}}],"line":35},"4":{"loc":{"start":{"line":37,"column":24},"end":{"line":37,"column":156}},"type":"cond-expr","locations":[{"start":{"line":37,"column":80},"end":{"line":37,"column":96}},{"start":{"line":37,"column":99},"end":{"line":37,"column":156}}],"line":37},"5":{"loc":{"start":{"line":39,"column":39},"end":{"line":39,"column":121}},"type":"cond-expr","locations":[{"start":{"line":39,"column":91},"end":{"line":39,"column":102}},{"start":{"line":39,"column":105},"end":{"line":39,"column":121}}],"line":39},"6":{"loc":{"start":{"line":39,"column":39},"end":{"line":39,"column":88}},"type":"binary-expr","locations":[{"start":{"line":39,"column":39},"end":{"line":39,"column":72}},{"start":{"line":39,"column":77},"end":{"line":39,"column":88}}],"line":39},"7":{"loc":{"start":{"line":40,"column":33},"end":{"line":40,"column":197}},"type":"cond-expr","locations":[{"start":{"line":40,"column":91},"end":{"line":40,"column":95}},{"start":{"line":40,"column":98},"end":{"line":40,"column":197}}],"line":40}},"s":{"0":4,"1":4,"2":99,"3":4,"4":0,"5":4,"6":0,"7":0,"8":0,"9":0,"10":0,"11":0,"12":0,"13":0,"14":0,"15":4},"f":{"0":4,"1":99,"2":0,"3":0,"4":0,"5":0},"b":{"0":[0,0],"1":[0,0],"2":[0,0],"3":[0,0],"4":[0,0],"5":[0,0],"6":[0,0],"7":[0,0]},"_coverageSchema":"1a1c01bbd47fc00a2c39e90264f33305004495a9","hash":"e31b390a9568389e0da9751687e6164bb96439ef"}
,"F:\\soft\\progrmmingsoftware\\WebStrom\\progrom\\progrom\\code-table\\code-testing\\src\\table\\pagination\\index.tsx": {"path":"F:\\soft\\progrmmingsoftware\\WebStrom\\progrom\\progrom\\code-table\\code-testing\\src\\table\\pagination\\index.tsx","statementMap":{"0":{"start":{"line":9,"column":19},"end":{"line":9,"column":43}},"1":{"start":{"line":10,"column":64},"end":{"line":10,"column":86}},"2":{"start":{"line":11,"column":25},"end":{"line":11,"column":58}},"3":{"start":{"line":12,"column":25},"end":{"line":12,"column":58}},"4":{"start":{"line":15,"column":19},"end":{"line":17,"column":6}},"5":{"start":{"line":16,"column":6},"end":{"line":16,"column":58}},"6":{"start":{"line":19,"column":31},"end":{"line":22,"column":5}},"7":{"start":{"line":20,"column":6},"end":{"line":20,"column":59}},"8":{"start":{"line":24,"column":31},"end":{"line":27,"column":5}},"9":{"start":{"line":25,"column":6},"end":{"line":25,"column":59}},"10":{"start":{"line":29,"column":4},"end":{"line":38,"column":6}},"11":{"start":{"line":31,"column":6},"end":{"line":33,"column":7}},"12":{"start":{"line":32,"column":8},"end":{"line":32,"column":32}},"13":{"start":{"line":34,"column":6},"end":{"line":37,"column":8}},"14":{"start":{"line":40,"column":4},"end":{"line":45,"column":6}},"15":{"start":{"line":41,"column":6},"end":{"line":44,"column":8}},"16":{"start":{"line":50,"column":4},"end":{"line":88,"column":5}},"17":{"start":{"line":51,"column":30},"end":{"line":53,"column":8}},"18":{"start":{"line":52,"column":8},"end":{"line":52,"column":54}},"19":{"start":{"line":55,"column":30},"end":{"line":55,"column":32}},"20":{"start":{"line":56,"column":6},"end":{"line":62,"column":7}},"21":{"start":{"line":56,"column":23},"end":{"line":56,"column":24}},"22":{"start":{"line":58,"column":8},"end":{"line":60,"column":9}},"23":{"start":{"line":64,"column":6},"end":{"line":87,"column":7}}},"fnMap":{"0":{"name":"(anonymous_0)","decl":{"start":{"line":7,"column":2},"end":{"line":7,"column":3}},"loc":{"start":{"line":7,"column":10},"end":{"line":89,"column":3}},"line":7},"1":{"name":"(anonymous_1)","decl":{"start":{"line":15,"column":28},"end":{"line":15,"column":29}},"loc":{"start":{"line":15,"column":34},"end":{"line":17,"column":5}},"line":15},"2":{"name":"(anonymous_2)","decl":{"start":{"line":19,"column":31},"end":{"line":19,"column":32}},"loc":{"start":{"line":19,"column":45},"end":{"line":22,"column":5}},"line":19},"3":{"name":"(anonymous_3)","decl":{"start":{"line":24,"column":31},"end":{"line":24,"column":32}},"loc":{"start":{"line":24,"column":45},"end":{"line":27,"column":5}},"line":24},"4":{"name":"(anonymous_4)","decl":{"start":{"line":29,"column":26},"end":{"line":29,"column":27}},"loc":{"start":{"line":29,"column":40},"end":{"line":38,"column":5}},"line":29},"5":{"name":"(anonymous_5)","decl":{"start":{"line":40,"column":26},"end":{"line":40,"column":27}},"loc":{"start":{"line":40,"column":40},"end":{"line":45,"column":5}},"line":40},"6":{"name":"(anonymous_6)","decl":{"start":{"line":50,"column":11},"end":{"line":50,"column":12}},"loc":{"start":{"line":50,"column":17},"end":{"line":88,"column":5}},"line":50},"7":{"name":"(anonymous_7)","decl":{"start":{"line":51,"column":43},"end":{"line":51,"column":44}},"loc":{"start":{"line":51,"column":53},"end":{"line":53,"column":7}},"line":51}},"branchMap":{"0":{"loc":{"start":{"line":20,"column":29},"end":{"line":20,"column":58}},"type":"binary-expr","locations":[{"start":{"line":20,"column":29},"end":{"line":20,"column":52}},{"start":{"line":20,"column":56},"end":{"line":20,"column":58}}],"line":20},"1":{"loc":{"start":{"line":25,"column":29},"end":{"line":25,"column":58}},"type":"binary-expr","locations":[{"start":{"line":25,"column":29},"end":{"line":25,"column":52}},{"start":{"line":25,"column":56},"end":{"line":25,"column":58}}],"line":25},"2":{"loc":{"start":{"line":31,"column":6},"end":{"line":33,"column":7}},"type":"if","locations":[{"start":{"line":31,"column":6},"end":{"line":33,"column":7}},{"start":{"line":31,"column":6},"end":{"line":33,"column":7}}],"line":31}},"s":{"0":3,"1":3,"2":3,"3":3,"4":3,"5":3,"6":3,"7":0,"8":3,"9":0,"10":3,"11":0,"12":0,"13":0,"14":3,"15":0,"16":3,"17":3,"18":12,"19":3,"20":3,"21":3,"22":10,"23":3},"f":{"0":3,"1":3,"2":0,"3":0,"4":0,"5":0,"6":3,"7":12},"b":{"0":[0,0],"1":[0,0],"2":[0,0]},"_coverageSchema":"1a1c01bbd47fc00a2c39e90264f33305004495a9","hash":"f28d6ff91ae5e8c21fc1a1ee200d5c77667f1c59"}
,"F:\\soft\\progrmmingsoftware\\WebStrom\\progrom\\progrom\\code-table\\code-testing\\src\\table\\sort-button\\arrow-down.tsx": {"path":"F:\\soft\\progrmmingsoftware\\WebStrom\\progrom\\progrom\\code-table\\code-testing\\src\\table\\sort-button\\arrow-down.tsx","statementMap":{"0":{"start":{"line":6,"column":4},"end":{"line":14,"column":5}}},"fnMap":{"0":{"name":"(anonymous_0)","decl":{"start":{"line":5,"column":2},"end":{"line":5,"column":3}},"loc":{"start":{"line":5,"column":12},"end":{"line":15,"column":3}},"line":5}},"branchMap":{},"s":{"0":3},"f":{"0":3},"b":{},"_coverageSchema":"1a1c01bbd47fc00a2c39e90264f33305004495a9","hash":"6427711dfe262fcd50c640090815e7b860be92ba"}
,"F:\\soft\\progrmmingsoftware\\WebStrom\\progrom\\progrom\\code-table\\code-testing\\src\\table\\sort-button\\index.tsx": {"path":"F:\\soft\\progrmmingsoftware\\WebStrom\\progrom\\progrom\\code-table\\code-testing\\src\\table\\sort-button\\index.tsx","statementMap":{"0":{"start":{"line":21,"column":43},"end":{"line":21,"column":65}},"1":{"start":{"line":22,"column":24},"end":{"line":22,"column":48}},"2":{"start":{"line":24,"column":4},"end":{"line":30,"column":6}},"3":{"start":{"line":24,"column":17},"end":{"line":24,"column":42}},"4":{"start":{"line":24,"column":50},"end":{"line":24,"column":81}},"5":{"start":{"line":25,"column":6},"end":{"line":29,"column":7}},"6":{"start":{"line":26,"column":8},"end":{"line":26,"column":49}},"7":{"start":{"line":28,"column":8},"end":{"line":28,"column":61}},"8":{"start":{"line":32,"column":19},"end":{"line":34,"column":5}},"9":{"start":{"line":33,"column":6},"end":{"line":33,"column":51}},"10":{"start":{"line":36,"column":4},"end":{"line":42,"column":5}},"11":{"start":{"line":37,"column":6},"end":{"line":41,"column":7}}},"fnMap":{"0":{"name":"(anonymous_0)","decl":{"start":{"line":20,"column":2},"end":{"line":20,"column":3}},"loc":{"start":{"line":20,"column":15},"end":{"line":43,"column":3}},"line":20},"1":{"name":"(anonymous_1)","decl":{"start":{"line":24,"column":11},"end":{"line":24,"column":12}},"loc":{"start":{"line":24,"column":17},"end":{"line":24,"column":42}},"line":24},"2":{"name":"(anonymous_2)","decl":{"start":{"line":24,"column":44},"end":{"line":24,"column":45}},"loc":{"start":{"line":24,"column":50},"end":{"line":24,"column":81}},"line":24},"3":{"name":"(anonymous_3)","decl":{"start":{"line":24,"column":84},"end":{"line":24,"column":85}},"loc":{"start":{"line":24,"column":90},"end":{"line":30,"column":5}},"line":24},"4":{"name":"(anonymous_4)","decl":{"start":{"line":32,"column":19},"end":{"line":32,"column":20}},"loc":{"start":{"line":32,"column":25},"end":{"line":34,"column":5}},"line":32},"5":{"name":"(anonymous_5)","decl":{"start":{"line":36,"column":11},"end":{"line":36,"column":12}},"loc":{"start":{"line":36,"column":17},"end":{"line":42,"column":5}},"line":36}},"branchMap":{"0":{"loc":{"start":{"line":25,"column":6},"end":{"line":29,"column":7}},"type":"if","locations":[{"start":{"line":25,"column":6},"end":{"line":29,"column":7}},{"start":{"line":25,"column":6},"end":{"line":29,"column":7}}],"line":25}},"s":{"0":3,"1":3,"2":3,"3":3,"4":3,"5":0,"6":0,"7":0,"8":3,"9":0,"10":3,"11":3},"f":{"0":3,"1":3,"2":3,"3":0,"4":0,"5":3},"b":{"0":[0,0]},"_coverageSchema":"1a1c01bbd47fc00a2c39e90264f33305004495a9","hash":"1b140dafbd99f31766e8550333d591db42003fc9"}
}
