TN:
SF:src\table\fj-table.tsx
FN:15,(anonymous_0)
FN:23,(anonymous_1)
FN:43,(anonymous_2)
FNF:3
FNH:3
FNDA:4,(anonymous_0)
FNDA:3,(anonymous_1)
FNDA:4,(anonymous_2)
DA:18,4
DA:19,4
DA:20,4
DA:21,4
DA:23,4
DA:24,3
DA:27,4
DA:28,4
DA:29,4
DA:31,4
DA:43,4
DA:44,4
LF:12
LH:12
BRDA:48,0,0,4
BRDA:48,0,1,3
BRF:2
BRH:2
end_of_record
TN:
SF:src\table\index.ts
FNF:0
FNH:0
LF:0
LH:0
BRF:0
BRH:0
end_of_record
TN:
SF:src\table\table.tsx
FN:11,(anonymous_0)
FN:14,(anonymous_1)
FNF:2
FNH:2
FNDA:4,(anonymous_0)
FNDA:4,(anonymous_1)
DA:13,4
DA:14,4
DA:15,4
LF:3
LH:3
BRDA:19,0,0,4
BRDA:19,0,1,4
BRF:2
BRH:2
end_of_record
TN:
SF:src\table\types.ts
FN:36,(anonymous_0)
FN:40,(anonymous_1)
FNF:2
FNH:2
FNDA:3,(anonymous_0)
FNDA:3,(anonymous_1)
DA:33,1
DA:36,3
DA:40,3
LF:3
LH:3
BRF:0
BRH:0
end_of_record
TN:
SF:src\table\body\table-body.tsx
FN:13,(anonymous_0)
FN:16,(anonymous_1)
FN:26,randerColumnsList
FN:27,(anonymous_3)
FN:37,randerColumns
FN:38,(anonymous_5)
FN:55,randerIndex
FN:60,randerTableCell
FNF:8
FNH:8
FNDA:4,(anonymous_0)
FNDA:4,(anonymous_1)
FNDA:4,randerColumnsList
FNDA:10,(anonymous_3)
FNDA:10,randerColumns
FNDA:40,(anonymous_5)
FNDA:10,randerIndex
FNDA:30,randerTableCell
DA:14,4
DA:16,4
DA:17,4
DA:18,4
DA:27,4
DA:29,10
DA:31,10
DA:38,10
DA:41,40
DA:42,10
DA:46,30
DA:47,10
DA:49,20
DA:56,10
DA:61,30
LF:15
LH:15
BRDA:41,0,0,10
BRDA:41,0,1,30
BRDA:46,1,0,10
BRDA:46,1,1,20
BRDA:46,2,0,30
BRDA:46,2,1,10
BRF:6
BRH:6
end_of_record
TN:
SF:src\table\body\table-cell.tsx
FN:10,(anonymous_0)
FN:12,(anonymous_1)
FNF:2
FNH:2
FNDA:40,(anonymous_0)
FNDA:40,(anonymous_1)
DA:12,40
DA:13,40
LF:2
LH:2
BRF:0
BRH:0
end_of_record
TN:
SF:src\table\body\table-row.tsx
FN:10,(anonymous_0)
FN:12,(anonymous_1)
FNF:2
FNH:2
FNDA:14,(anonymous_0)
FNDA:14,(anonymous_1)
DA:12,14
DA:14,14
LF:2
LH:2
BRF:0
BRH:0
end_of_record
TN:
SF:src\table\css\table.css
FNF:0
FNH:0
DA:1,1
LF:1
LH:1
BRF:0
BRH:0
end_of_record
TN:
SF:src\table\header\header-cell.tsx
FN:7,(anonymous_0)
FN:9,(anonymous_1)
FNF:2
FNH:2
FNDA:4,(anonymous_0)
FNDA:4,(anonymous_1)
DA:9,4
DA:10,4
LF:2
LH:2
BRF:0
BRH:0
end_of_record
TN:
SF:src\table\header\table-header.tsx
FN:15,(anonymous_0)
FN:19,(anonymous_1)
FN:31,randerHeader
FN:32,(anonymous_3)
FN:47,randerIndex
FN:55,randerHeaderSlot
FN:65,randerHeaderCell
FNF:7
FNH:7
FNDA:4,(anonymous_0)
FNDA:4,(anonymous_1)
FNDA:4,randerHeader
FNDA:4,(anonymous_3)
FNDA:1,randerIndex
FNDA:1,randerHeaderSlot
FNDA:2,randerHeaderCell
DA:17,4
DA:19,4
DA:20,4
DA:21,4
DA:32,4
DA:34,4
DA:35,1
DA:38,3
DA:39,1
DA:42,2
DA:48,1
DA:56,1
DA:66,2
LF:13
LH:13
BRDA:34,0,0,1
BRDA:34,0,1,3
BRDA:38,1,0,1
BRDA:38,1,1,2
BRDA:59,2,0,1
BRDA:59,2,1,1
BRDA:69,3,0,2
BRDA:69,3,1,1
BRDA:70,4,0,2
BRDA:70,4,1,2
BRF:10
BRH:10
end_of_record
TN:
SF:src\table\hooks\use-data-source.tsx
FN:5,useDataSource
FN:8,(anonymous_1)
FN:11,(anonymous_2)
FNF:3
FNH:3
FNDA:4,useDataSource
FNDA:4,(anonymous_1)
FNDA:99,(anonymous_2)
DA:8,4
DA:9,4
DA:10,4
DA:11,99
DA:14,4
DA:15,3
DA:17,1
DA:21,4
LF:8
LH:8
BRDA:10,0,0,4
BRDA:10,0,1,0
BRDA:14,1,0,3
BRDA:14,1,1,1
BRF:4
BRH:3
end_of_record
TN:
SF:src\table\hooks\use-pagination.tsx
FN:6,usePagination
FN:13,(anonymous_1)
FNF:2
FNH:1
FNDA:4,usePagination
FNDA:0,(anonymous_1)
DA:8,4
DA:13,4
DA:14,0
DA:17,4
LF:4
LH:3
BRF:0
BRH:0
end_of_record
TN:
SF:src\table\hooks\use-sort.tsx
FN:10,useSort
FN:16,(anonymous_1)
FN:21,(anonymous_2)
FN:27,(anonymous_3)
FN:29,(anonymous_4)
FN:40,(anonymous_5)
FNF:6
FNH:2
FNDA:4,useSort
FNDA:99,(anonymous_1)
FNDA:0,(anonymous_2)
FNDA:0,(anonymous_3)
FNDA:0,(anonymous_4)
FNDA:0,(anonymous_5)
DA:12,4
DA:15,4
DA:16,99
DA:21,4
DA:22,0
DA:27,4
DA:29,0
DA:32,0
DA:35,0
DA:37,0
DA:39,0
DA:40,0
DA:41,0
DA:45,4
LF:14
LH:6
BRDA:22,0,0,0
BRDA:22,0,1,0
BRDA:32,1,0,0
BRDA:32,1,1,0
BRDA:32,2,0,0
BRDA:32,2,1,0
BRDA:35,3,0,0
BRDA:35,3,1,0
BRDA:37,4,0,0
BRDA:37,4,1,0
BRDA:39,5,0,0
BRDA:39,5,1,0
BRDA:39,6,0,0
BRDA:39,6,1,0
BRDA:40,7,0,0
BRDA:40,7,1,0
BRF:16
BRH:0
end_of_record
TN:
SF:src\table\pagination\index.tsx
FN:7,(anonymous_0)
FN:15,(anonymous_1)
FN:19,(anonymous_2)
FN:24,(anonymous_3)
FN:29,(anonymous_4)
FN:40,(anonymous_5)
FN:50,(anonymous_6)
FN:51,(anonymous_7)
FNF:8
FNH:4
FNDA:3,(anonymous_0)
FNDA:3,(anonymous_1)
FNDA:0,(anonymous_2)
FNDA:0,(anonymous_3)
FNDA:0,(anonymous_4)
FNDA:0,(anonymous_5)
FNDA:3,(anonymous_6)
FNDA:12,(anonymous_7)
DA:9,3
DA:10,3
DA:11,3
DA:12,3
DA:15,3
DA:16,3
DA:19,3
DA:20,0
DA:24,3
DA:25,0
DA:29,3
DA:31,0
DA:32,0
DA:34,0
DA:40,3
DA:41,0
DA:50,3
DA:51,3
DA:52,12
DA:55,3
DA:56,3
DA:58,10
DA:64,3
LF:23
LH:17
BRDA:20,0,0,0
BRDA:20,0,1,0
BRDA:25,1,0,0
BRDA:25,1,1,0
BRDA:31,2,0,0
BRDA:31,2,1,0
BRF:6
BRH:0
end_of_record
TN:
SF:src\table\sort-button\arrow-down.tsx
FN:5,(anonymous_0)
FNF:1
FNH:1
FNDA:3,(anonymous_0)
DA:6,3
LF:1
LH:1
BRF:0
BRH:0
end_of_record
TN:
SF:src\table\sort-button\index.tsx
FN:20,(anonymous_0)
FN:24,(anonymous_1)
FN:24,(anonymous_2)
FN:24,(anonymous_3)
FN:32,(anonymous_4)
FN:36,(anonymous_5)
FNF:6
FNH:4
FNDA:3,(anonymous_0)
FNDA:3,(anonymous_1)
FNDA:3,(anonymous_2)
FNDA:0,(anonymous_3)
FNDA:0,(anonymous_4)
FNDA:3,(anonymous_5)
DA:21,3
DA:22,3
DA:24,3
DA:25,0
DA:26,0
DA:28,0
DA:32,3
DA:33,0
DA:36,3
DA:37,3
LF:10
LH:6
BRDA:25,0,0,0
BRDA:25,0,1,0
BRF:2
BRH:0
end_of_record
