TN:
SF:src\table\fj-table.tsx
FN:15,(anonymous_0)
FN:31,(anonymous_1)
FNF:2
FNH:2
FNDA:6,(anonymous_0)
FNDA:9,(anonymous_1)
DA:17,6
DA:18,6
DA:19,6
DA:21,6
DA:31,6
DA:32,9
LF:6
LH:6
BRDA:36,0,0,9
BRDA:36,0,1,8
BRF:2
BRH:2
end_of_record
TN:
SF:src\table\index.ts
FNF:0
FNH:0
LF:0
LH:0
BRF:0
BRH:0
end_of_record
TN:
SF:src\table\table.tsx
FN:11,(anonymous_0)
FN:14,(anonymous_1)
FNF:2
FNH:2
FNDA:6,(anonymous_0)
FNDA:6,(anonymous_1)
DA:13,6
DA:14,6
DA:15,6
LF:3
LH:3
BRDA:19,0,0,6
BRDA:19,0,1,5
BRF:2
BRH:2
end_of_record
TN:
SF:src\table\types.ts
FN:36,(anonymous_0)
FN:40,(anonymous_1)
FN:54,(anonymous_2)
FNF:3
FNH:3
FNDA:3,(anonymous_0)
FNDA:3,(anonymous_1)
FNDA:6,(anonymous_2)
DA:33,1
DA:36,3
DA:40,3
DA:54,6
LF:4
LH:4
BRF:0
BRH:0
end_of_record
TN:
SF:src\table\body\table-body.tsx
FN:13,(anonymous_0)
FN:16,(anonymous_1)
FN:26,randerColumnsList
FN:33,(anonymous_3)
FN:45,randerColumns
FN:53,(anonymous_5)
FN:70,randerIndex
FN:75,randerTableCell
FNF:8
FNH:8
FNDA:6,(anonymous_0)
FNDA:7,(anonymous_1)
FNDA:7,randerColumnsList
FNDA:12,(anonymous_3)
FNDA:12,randerColumns
FNDA:48,(anonymous_5)
FNDA:12,randerIndex
FNDA:36,randerTableCell
DA:14,6
DA:16,6
DA:17,7
DA:18,7
DA:33,7
DA:35,12
DA:39,12
DA:53,12
DA:56,48
DA:57,12
DA:61,36
DA:62,12
DA:64,24
DA:71,12
DA:76,36
LF:15
LH:15
BRDA:56,0,0,12
BRDA:56,0,1,36
BRDA:61,1,0,12
BRDA:61,1,1,24
BRDA:61,2,0,36
BRDA:61,2,1,12
BRF:6
BRH:6
end_of_record
TN:
SF:src\table\body\table-cell.tsx
FN:10,(anonymous_0)
FN:12,(anonymous_1)
FNF:2
FNH:2
FNDA:36,(anonymous_0)
FNDA:48,(anonymous_1)
DA:12,36
DA:13,48
LF:2
LH:2
BRF:0
BRH:0
end_of_record
TN:
SF:src\table\body\table-row.tsx
FN:10,(anonymous_0)
FN:12,(anonymous_1)
FNF:2
FNH:2
FNDA:14,(anonymous_0)
FNDA:17,(anonymous_1)
DA:12,14
DA:14,17
LF:2
LH:2
BRF:0
BRH:0
end_of_record
TN:
SF:src\table\css\table.css
FNF:0
FNH:0
DA:1,1
LF:1
LH:1
BRF:0
BRH:0
end_of_record
TN:
SF:src\table\header\header-cell.tsx
FN:7,(anonymous_0)
FN:9,(anonymous_1)
FNF:2
FNH:2
FNDA:12,(anonymous_0)
FNDA:12,(anonymous_1)
DA:9,12
DA:10,12
LF:2
LH:2
BRF:0
BRH:0
end_of_record
TN:
SF:src\table\header\table-header.tsx
FN:15,(anonymous_0)
FN:19,(anonymous_1)
FN:32,randerHeader
FN:37,(anonymous_3)
FN:50,randerIndex
FN:59,randerHeaderCell
FNF:6
FNH:6
FNDA:5,(anonymous_0)
FNDA:5,(anonymous_1)
FNDA:5,randerHeader
FNDA:12,(anonymous_3)
FNDA:3,randerIndex
FNDA:9,randerHeaderCell
DA:17,5
DA:19,5
DA:20,5
DA:22,5
DA:37,5
DA:39,12
DA:40,3
DA:43,9
DA:45,9
DA:51,3
DA:60,9
LF:11
LH:11
BRDA:39,0,0,3
BRDA:39,0,1,9
BRDA:43,1,0,1
BRDA:43,1,1,8
BRDA:43,2,0,8
BRDA:43,2,1,3
BRDA:64,3,0,9
BRDA:64,3,1,6
BRF:8
BRH:8
end_of_record
TN:
SF:src\table\hooks\use-data-source.tsx
FN:5,useDataSource
FN:15,(anonymous_1)
FN:18,(anonymous_2)
FNF:3
FNH:3
FNDA:6,useDataSource
FNDA:7,(anonymous_1)
FNDA:8,(anonymous_2)
DA:11,6
DA:15,6
DA:16,7
DA:17,7
DA:18,8
DA:21,7
DA:22,6
DA:24,1
DA:30,6
LF:9
LH:9
BRDA:17,0,0,7
BRDA:17,0,1,0
BRDA:21,1,0,6
BRDA:21,1,1,1
BRF:4
BRH:3
end_of_record
TN:
SF:src\table\hooks\use-pagination.tsx
FN:6,usePagination
FN:15,(anonymous_1)
FN:20,(anonymous_2)
FNF:3
FNH:2
FNDA:6,usePagination
FNDA:0,(anonymous_1)
FNDA:6,(anonymous_2)
DA:9,6
DA:15,6
DA:16,0
DA:20,6
DA:21,6
DA:24,6
LF:6
LH:5
BRDA:10,0,0,6
BRDA:10,0,1,0
BRDA:11,1,0,6
BRDA:11,1,1,0
BRF:4
BRH:2
end_of_record
TN:
SF:src\table\hooks\use-sort.tsx
FN:10,useSort
FN:18,(anonymous_1)
FN:23,(anonymous_2)
FN:28,(anonymous_3)
FN:33,(anonymous_4)
FN:38,(anonymous_5)
FN:44,(anonymous_6)
FN:66,(anonymous_7)
FNF:8
FNH:8
FNDA:6,useSort
FNDA:6,(anonymous_1)
FNDA:1,(anonymous_2)
FNDA:1,(anonymous_3)
FNDA:2,(anonymous_4)
FNDA:1,(anonymous_5)
FNDA:2,(anonymous_6)
FNDA:6,(anonymous_7)
DA:13,6
DA:17,6
DA:18,6
DA:23,6
DA:24,1
DA:28,6
DA:32,1
DA:33,2
DA:34,1
DA:38,6
DA:44,2
DA:47,1
DA:50,1
DA:53,1
DA:56,1
DA:58,1
DA:61,1
DA:66,6
DA:67,6
DA:70,6
LF:20
LH:20
BRDA:24,0,0,1
BRDA:24,0,1,0
BRDA:33,1,0,0
BRDA:33,1,1,1
BRDA:47,2,0,0
BRDA:47,2,1,1
BRDA:47,3,0,1
BRDA:47,3,1,0
BRDA:50,4,0,1
BRDA:50,4,1,1
BRDA:56,5,0,1
BRDA:56,5,1,0
BRF:12
BRH:7
end_of_record
TN:
SF:src\table\pagination\index.tsx
FN:7,(anonymous_0)
FN:17,(anonymous_1)
FN:21,(anonymous_2)
FN:26,(anonymous_3)
FN:31,(anonymous_4)
FN:31,(anonymous_5)
FN:42,(anonymous_6)
FN:42,(anonymous_7)
FN:52,(anonymous_8)
FN:53,(anonymous_9)
FNF:10
FNH:8
FNDA:5,(anonymous_0)
FNDA:8,(anonymous_1)
FNDA:2,(anonymous_2)
FNDA:2,(anonymous_3)
FNDA:5,(anonymous_4)
FNDA:0,(anonymous_5)
FNDA:5,(anonymous_6)
FNDA:0,(anonymous_7)
FNDA:8,(anonymous_8)
FNDA:32,(anonymous_9)
DA:11,5
DA:12,5
DA:13,5
DA:14,5
DA:17,5
DA:18,8
DA:21,5
DA:22,2
DA:26,5
DA:27,2
DA:31,5
DA:33,0
DA:34,0
DA:36,0
DA:42,5
DA:43,0
DA:52,5
DA:53,8
DA:54,32
DA:57,8
DA:58,8
DA:60,6
DA:66,8
LF:23
LH:19
BRDA:22,0,0,2
BRDA:22,0,1,0
BRDA:27,1,0,2
BRDA:27,1,1,0
BRDA:33,2,0,0
BRDA:33,2,1,0
BRF:6
BRH:2
end_of_record
TN:
SF:src\table\sort-button\arrow-down.tsx
FN:5,(anonymous_0)
FNF:1
FNH:1
FNDA:6,(anonymous_0)
DA:6,6
LF:1
LH:1
BRF:0
BRH:0
end_of_record
TN:
SF:src\table\sort-button\index.tsx
FN:20,(anonymous_0)
FN:24,(anonymous_1)
FN:24,(anonymous_2)
FN:24,(anonymous_3)
FN:35,(anonymous_4)
FN:39,(anonymous_5)
FNF:6
FNH:6
FNDA:6,(anonymous_0)
FNDA:8,(anonymous_1)
FNDA:8,(anonymous_2)
FNDA:2,(anonymous_3)
FNDA:1,(anonymous_4)
FNDA:7,(anonymous_5)
DA:21,6
DA:22,6
DA:24,8
DA:27,2
DA:28,1
DA:30,1
DA:35,6
DA:36,1
DA:39,6
DA:40,7
LF:10
LH:10
BRDA:27,0,0,1
BRDA:27,0,1,1
BRF:2
BRH:2
end_of_record
